[0.052s] Invoking command in '/home/darsh/ros2_ws/src/UR3_ROS2_PICK_AND_PLACE/build/warehouse_ros_mongo': CMAKE_PREFIX_PATH=${CMAKE_PREFIX_PATH}:/opt/ros/jazzy /usr/bin/cmake --build /home/darsh/ros2_ws/src/UR3_ROS2_PICK_AND_PLACE/build/warehouse_ros_mongo -- -j16 -l16
[0.163s] failed to create symbolic link '/home/darsh/ros2_ws/src/UR3_ROS2_PICK_AND_PLACE/build/warehouse_ros_mongo/ament_cmake_python/warehouse_ros_mongo/warehouse_ros_mongo' because existing path cannot be removed: Is a directory
[0.168s] gmake[2]: *** [CMakeFiles/ament_cmake_python_symlink_warehouse_ros_mongo.dir/build.make:70: CMakeFiles/ament_cmake_python_symlink_warehouse_ros_mongo] Error 1
[0.168s] gmake[1]: *** [CMakeFiles/Makefile2:160: CMakeFiles/ament_cmake_python_symlink_warehouse_ros_mongo.dir/all] Error 2
[0.169s] gmake[1]: *** Waiting for unfinished jobs....
[0.170s] [ 20%] Built target gtest_main
[0.176s] [ 40%] Built target gtest
[0.280s] gmake: *** [Makefile:146: all] Error 2
[0.281s] [ 80%] Built target warehouse_ros_mongo
[0.422s] Invoked command in '/home/darsh/ros2_ws/src/UR3_ROS2_PICK_AND_PLACE/build/warehouse_ros_mongo' returned '2': CMAKE_PREFIX_PATH=${CMAKE_PREFIX_PATH}:/opt/ros/jazzy /usr/bin/cmake --build /home/darsh/ros2_ws/src/UR3_ROS2_PICK_AND_PLACE/build/warehouse_ros_mongo -- -j16 -l16
