[0.224s] Invoking command in '/home/darsh/ros2_ws/src/UR3_ROS2_PICK_AND_PLACE/build/moveit_task_constructor_core': AMENT_PREFIX_PATH=/home/darsh/ros2_ws/src/UR3_ROS2_PICK_AND_PLACE/install/rviz_marker_tools:/home/darsh/ros2_ws/src/UR3_ROS2_PICK_AND_PLACE/install/moveit_task_constructor_msgs:${AMENT_PREFIX_PATH} CMAKE_PREFIX_PATH=/home/darsh/ros2_ws/src/UR3_ROS2_PICK_AND_PLACE/install/rviz_marker_tools:/home/darsh/ros2_ws/src/UR3_ROS2_PICK_AND_PLACE/install/moveit_task_constructor_msgs:/opt/ros/jazzy/opt/gz_sim_vendor:/opt/ros/jazzy/opt/gz_sensors_vendor:/opt/ros/jazzy/opt/gz_physics_vendor:/opt/ros/jazzy/opt/sdformat_vendor:/opt/ros/jazzy/opt/gz_gui_vendor:/opt/ros/jazzy/opt/gz_transport_vendor:/opt/ros/jazzy/opt/gz_rendering_vendor:/opt/ros/jazzy/opt/gz_plugin_vendor:/opt/ros/jazzy/opt/gz_fuel_tools_vendor:/opt/ros/jazzy/opt/gz_msgs_vendor:/opt/ros/jazzy/opt/gz_common_vendor:/opt/ros/jazzy/opt/gz_tools_vendor:/opt/ros/jazzy/opt/gz_ogre_next_vendor:/opt/ros/jazzy/opt/gz_dartsim_vendor:/opt/ros/jazzy/opt/gz_math_vendor:/opt/ros/jazzy/opt/gz_utils_vendor:/opt/ros/jazzy/opt/gz_cmake_vendor:/opt/ros/jazzy LD_LIBRARY_PATH=/home/darsh/ros2_ws/src/UR3_ROS2_PICK_AND_PLACE/install/rviz_marker_tools/lib:/home/darsh/ros2_ws/src/UR3_ROS2_PICK_AND_PLACE/install/moveit_task_constructor_msgs/lib:${LD_LIBRARY_PATH} PYTHONPATH=/home/darsh/ros2_ws/src/UR3_ROS2_PICK_AND_PLACE/install/moveit_task_constructor_msgs/lib/python3.12/site-packages:${PYTHONPATH} /usr/bin/cmake --build /home/darsh/ros2_ws/src/UR3_ROS2_PICK_AND_PLACE/build/moveit_task_constructor_core -- -j16 -l16
[0.365s] [  2%] Built target gtest_main
[0.367s] [  5%] Built target gtest
[0.367s] [  8%] Built target gmock
[0.368s] [ 10%] Built target gmock_main
[0.375s] [ 10%] Built target ament_cmake_python_copy_moveit
[0.642s] [ 28%] Built target moveit_task_constructor_core
[0.742s] [ 29%] [32mBuilding CXX object test/CMakeFiles/gtest_utils.dir/stage_mockups.cpp.o[0m
[0.800s] running egg_info
[0.844s] writing moveit.egg-info/PKG-INFO
[0.845s] writing dependency_links to moveit.egg-info/dependency_links.txt
[0.846s] writing top-level names to moveit.egg-info/top_level.txt
[0.854s] [ 31%] [32mBuilding CXX object src/stages/CMakeFiles/moveit_task_constructor_core_stages.dir/generate_random_pose.cpp.o[0m
[0.855s] [ 33%] [32mBuilding CXX object src/stages/CMakeFiles/moveit_task_constructor_core_stages.dir/generate_grasp_pose.cpp.o[0m
[0.855s] [ 33%] [32mBuilding CXX object src/stages/CMakeFiles/moveit_task_constructor_core_stages.dir/move_relative.cpp.o[0m
[0.856s] [ 34%] [32mBuilding CXX object src/stages/CMakeFiles/moveit_task_constructor_core_stages.dir/simple_grasp.cpp.o[0m
[0.857s] [ 35%] [32mBuilding CXX object src/stages/CMakeFiles/moveit_task_constructor_core_stages.dir/predicate_filter.cpp.o[0m
[0.857s] [ 36%] [32mBuilding CXX object src/stages/CMakeFiles/moveit_task_constructor_core_stages.dir/pick.cpp.o[0m
[1.036s] reading manifest file 'moveit.egg-info/SOURCES.txt'
[1.038s] writing manifest file 'moveit.egg-info/SOURCES.txt'
[1.097s] [ 36%] Built target ament_cmake_python_build_moveit_egg
[2.709s] In file included from [01m[K/home/darsh/ros2_ws/src/UR3_ROS2_PICK_AND_PLACE/moveit_task_constructor/core/include/moveit/task_constructor/stages/pick.h:39[m[K,
[2.709s]                  from [01m[K/home/darsh/ros2_ws/src/UR3_ROS2_PICK_AND_PLACE/moveit_task_constructor/core/src/stages/pick.cpp:1[m[K:
[2.709s] [01m[K/opt/ros/jazzy/include/moveit_core/moveit/macros/class_forward.h:50:77:[m[K [01;36m[Knote: [m[Kâ€˜[01m[K#pragma message: .h header is obsolete. Please use the .hpp header instead.[m[Kâ€™
[2.709s]    50 | #pragma message(".h header is obsolete. Please use the .hpp header instead."[01;36m[K)[m[K
[2.710s]       |                                                                             [01;36m[K^[m[K
[4.921s] In file included from [01m[K/home/darsh/ros2_ws/src/UR3_ROS2_PICK_AND_PLACE/moveit_task_constructor/core/include/moveit/task_constructor/utils.h:47[m[K,
[4.921s]                  from [01m[K/home/darsh/ros2_ws/src/UR3_ROS2_PICK_AND_PLACE/moveit_task_constructor/core/include/moveit/task_constructor/stage.h:43[m[K,
[4.922s]                  from [01m[K/home/darsh/ros2_ws/src/UR3_ROS2_PICK_AND_PLACE/moveit_task_constructor/core/include/moveit/task_constructor/container.h:41[m[K,
[4.922s]                  from [01m[K/home/darsh/ros2_ws/src/UR3_ROS2_PICK_AND_PLACE/moveit_task_constructor/core/include/moveit/task_constructor/stages/predicate_filter.h:38[m[K,
[4.922s]                  from [01m[K/home/darsh/ros2_ws/src/UR3_ROS2_PICK_AND_PLACE/moveit_task_constructor/core/src/stages/predicate_filter.cpp:36[m[K:
[4.922s] [01m[K/opt/ros/jazzy/include/moveit_core/moveit/macros/class_forward.h:50:77:[m[K [01;36m[Knote: [m[Kâ€˜[01m[K#pragma message: .h header is obsolete. Please use the .hpp header instead.[m[Kâ€™
[4.922s]    50 | #pragma message(".h header is obsolete. Please use the .hpp header instead."[01;36m[K)[m[K
[4.923s]       |                                                                             [01;36m[K^[m[K
[5.036s] In file included from [01m[K/home/darsh/ros2_ws/src/UR3_ROS2_PICK_AND_PLACE/moveit_task_constructor/core/include/moveit/task_constructor/utils.h:47[m[K,
[5.036s]                  from [01m[K/home/darsh/ros2_ws/src/UR3_ROS2_PICK_AND_PLACE/moveit_task_constructor/core/include/moveit/task_constructor/stage.h:43[m[K,
[5.037s]                  from [01m[K/home/darsh/ros2_ws/src/UR3_ROS2_PICK_AND_PLACE/moveit_task_constructor/core/include/moveit/task_constructor/stages/move_relative.h:41[m[K,
[5.037s]                  from [01m[K/home/darsh/ros2_ws/src/UR3_ROS2_PICK_AND_PLACE/moveit_task_constructor/core/src/stages/move_relative.cpp:39[m[K:
[5.037s] [01m[K/opt/ros/jazzy/include/moveit_core/moveit/macros/class_forward.h:50:77:[m[K [01;36m[Knote: [m[Kâ€˜[01m[K#pragma message: .h header is obsolete. Please use the .hpp header instead.[m[Kâ€™
[5.037s]    50 | #pragma message(".h header is obsolete. Please use the .hpp header instead."[01;36m[K)[m[K
[5.037s]       |                                                                             [01;36m[K^[m[K
[5.043s] In file included from [01m[K/home/darsh/ros2_ws/src/UR3_ROS2_PICK_AND_PLACE/moveit_task_constructor/core/include/moveit/task_constructor/utils.h:47[m[K,
[5.043s]                  from [01m[K/home/darsh/ros2_ws/src/UR3_ROS2_PICK_AND_PLACE/moveit_task_constructor/core/include/moveit/task_constructor/stage.h:43[m[K,
[5.044s]                  from [01m[K/home/darsh/ros2_ws/src/UR3_ROS2_PICK_AND_PLACE/moveit_task_constructor/core/include/moveit/task_constructor/container.h:41[m[K,
[5.044s]                  from [01m[K/home/darsh/ros2_ws/src/UR3_ROS2_PICK_AND_PLACE/moveit_task_constructor/core/include/moveit/task_constructor/stages/simple_grasp.h:39[m[K,
[5.045s]                  from [01m[K/home/darsh/ros2_ws/src/UR3_ROS2_PICK_AND_PLACE/moveit_task_constructor/core/src/stages/simple_grasp.cpp:37[m[K:
[5.045s] [01m[K/opt/ros/jazzy/include/moveit_core/moveit/macros/class_forward.h:50:77:[m[K [01;36m[Knote: [m[Kâ€˜[01m[K#pragma message: .h header is obsolete. Please use the .hpp header instead.[m[Kâ€™
[5.045s]    50 | #pragma message(".h header is obsolete. Please use the .hpp header instead."[01;36m[K)[m[K
[5.046s]       |                                                                             [01;36m[K^[m[K
[5.046s] In file included from [01m[K/home/darsh/ros2_ws/src/UR3_ROS2_PICK_AND_PLACE/moveit_task_constructor/core/include/moveit/task_constructor/utils.h:47[m[K,
[5.046s]                  from [01m[K/home/darsh/ros2_ws/src/UR3_ROS2_PICK_AND_PLACE/moveit_task_constructor/core/include/moveit/task_constructor/stage.h:43[m[K,
[5.046s]                  from [01m[K/home/darsh/ros2_ws/src/UR3_ROS2_PICK_AND_PLACE/moveit_task_constructor/core/include/moveit/task_constructor/stages/generate_pose.h:41[m[K,
[5.046s]                  from [01m[K/home/darsh/ros2_ws/src/UR3_ROS2_PICK_AND_PLACE/moveit_task_constructor/core/include/moveit/task_constructor/stages/generate_random_pose.h:41[m[K,
[5.047s]                  from [01m[K/home/darsh/ros2_ws/src/UR3_ROS2_PICK_AND_PLACE/moveit_task_constructor/core/src/stages/generate_random_pose.cpp:37[m[K:
[5.047s] [01m[K/opt/ros/jazzy/include/moveit_core/moveit/macros/class_forward.h:50:77:[m[K [01;36m[Knote: [m[Kâ€˜[01m[K#pragma message: .h header is obsolete. Please use the .hpp header instead.[m[Kâ€™
[5.047s]    50 | #pragma message(".h header is obsolete. Please use the .hpp header instead."[01;36m[K)[m[K
[5.047s]       |                                                                             [01;36m[K^[m[K
[5.079s] In file included from [01m[K/home/darsh/ros2_ws/src/UR3_ROS2_PICK_AND_PLACE/moveit_task_constructor/core/include/moveit/task_constructor/utils.h:47[m[K,
[5.079s]                  from [01m[K/home/darsh/ros2_ws/src/UR3_ROS2_PICK_AND_PLACE/moveit_task_constructor/core/include/moveit/task_constructor/stage.h:43[m[K,
[5.079s]                  from [01m[K/home/darsh/ros2_ws/src/UR3_ROS2_PICK_AND_PLACE/moveit_task_constructor/core/include/moveit/task_constructor/stages/generate_pose.h:41[m[K,
[5.080s]                  from [01m[K/home/darsh/ros2_ws/src/UR3_ROS2_PICK_AND_PLACE/moveit_task_constructor/core/include/moveit/task_constructor/stages/generate_grasp_pose.h:41[m[K,
[5.080s]                  from [01m[K/home/darsh/ros2_ws/src/UR3_ROS2_PICK_AND_PLACE/moveit_task_constructor/core/src/stages/generate_grasp_pose.cpp:37[m[K:
[5.080s] [01m[K/opt/ros/jazzy/include/moveit_core/moveit/macros/class_forward.h:50:77:[m[K [01;36m[Knote: [m[Kâ€˜[01m[K#pragma message: .h header is obsolete. Please use the .hpp header instead.[m[Kâ€™
[5.080s]    50 | #pragma message(".h header is obsolete. Please use the .hpp header instead."[01;36m[K)[m[K
[5.081s]       |                                                                             [01;36m[K^[m[K
[5.266s] In file included from [01m[K/home/darsh/ros2_ws/src/UR3_ROS2_PICK_AND_PLACE/moveit_task_constructor/core/include/moveit/task_constructor/utils.h:47[m[K,
[5.267s]                  from [01m[K/home/darsh/ros2_ws/src/UR3_ROS2_PICK_AND_PLACE/moveit_task_constructor/core/include/moveit/task_constructor/stage.h:43[m[K,
[5.267s]                  from [01m[K/home/darsh/ros2_ws/src/UR3_ROS2_PICK_AND_PLACE/moveit_task_constructor/core/include/moveit/task_constructor/stage_p.h:41[m[K,
[5.267s]                  from [01m[K/home/darsh/ros2_ws/src/UR3_ROS2_PICK_AND_PLACE/moveit_task_constructor/core/test/stage_mockups.cpp:1[m[K:
[5.267s] [01m[K/opt/ros/jazzy/include/moveit_core/moveit/macros/class_forward.h:50:77:[m[K [01;36m[Knote: [m[Kâ€˜[01m[K#pragma message: .h header is obsolete. Please use the .hpp header instead.[m[Kâ€™
[5.268s]    50 | #pragma message(".h header is obsolete. Please use the .hpp header instead."[01;36m[K)[m[K
[5.268s]       |                                                                             [01;36m[K^[m[K
[6.209s] In file included from [01m[K/home/darsh/ros2_ws/src/UR3_ROS2_PICK_AND_PLACE/moveit_task_constructor/core/src/stages/predicate_filter.cpp:40[m[K:
[6.209s] [01m[K/opt/ros/jazzy/include/moveit_core/moveit/planning_scene/planning_scene.h:50:77:[m[K [01;36m[Knote: [m[Kâ€˜[01m[K#pragma message: .h header is obsolete. Please use the .hpp header instead.[m[Kâ€™
[6.209s]    50 | #pragma message(".h header is obsolete. Please use the .hpp header instead."[01;36m[K)[m[K
[6.210s]       |                                                                             [01;36m[K^[m[K
[6.480s] In file included from [01m[K/home/darsh/ros2_ws/src/UR3_ROS2_PICK_AND_PLACE/moveit_task_constructor/core/src/stages/generate_grasp_pose.cpp:42[m[K:
[6.480s] [01m[K/opt/ros/jazzy/include/moveit_core/moveit/planning_scene/planning_scene.h:50:77:[m[K [01;36m[Knote: [m[Kâ€˜[01m[K#pragma message: .h header is obsolete. Please use the .hpp header instead.[m[Kâ€™
[6.481s]    50 | #pragma message(".h header is obsolete. Please use the .hpp header instead."[01;36m[K)[m[K
[6.481s]       |                                                                             [01;36m[K^[m[K
[6.529s] In file included from [01m[K/home/darsh/ros2_ws/src/UR3_ROS2_PICK_AND_PLACE/moveit_task_constructor/core/src/stages/pick.cpp:8[m[K:
[6.530s] [01m[K/opt/ros/jazzy/include/moveit_core/moveit/planning_scene/planning_scene.h:50:77:[m[K [01;36m[Knote: [m[Kâ€˜[01m[K#pragma message: .h header is obsolete. Please use the .hpp header instead.[m[Kâ€™
[6.530s]    50 | #pragma message(".h header is obsolete. Please use the .hpp header instead."[01;36m[K)[m[K
[6.530s]       |                                                                             [01;36m[K^[m[K
[6.563s] In file included from [01m[K/home/darsh/ros2_ws/src/UR3_ROS2_PICK_AND_PLACE/moveit_task_constructor/core/src/stages/move_relative.cpp:42[m[K:
[6.563s] [01m[K/opt/ros/jazzy/include/moveit_core/moveit/planning_scene/planning_scene.h:50:77:[m[K [01;36m[Knote: [m[Kâ€˜[01m[K#pragma message: .h header is obsolete. Please use the .hpp header instead.[m[Kâ€™
[6.563s]    50 | #pragma message(".h header is obsolete. Please use the .hpp header instead."[01;36m[K)[m[K
[6.564s]       |                                                                             [01;36m[K^[m[K
[6.602s] In file included from [01m[K/home/darsh/ros2_ws/src/UR3_ROS2_PICK_AND_PLACE/moveit_task_constructor/core/src/stages/simple_grasp.cpp:44[m[K:
[6.602s] [01m[K/opt/ros/jazzy/include/moveit_core/moveit/planning_scene/planning_scene.h:50:77:[m[K [01;36m[Knote: [m[Kâ€˜[01m[K#pragma message: .h header is obsolete. Please use the .hpp header instead.[m[Kâ€™
[6.603s]    50 | #pragma message(".h header is obsolete. Please use the .hpp header instead."[01;36m[K)[m[K
[6.603s]       |                                                                             [01;36m[K^[m[K
[6.621s] In file included from [01m[K/home/darsh/ros2_ws/src/UR3_ROS2_PICK_AND_PLACE/moveit_task_constructor/core/src/stages/generate_random_pose.cpp:40[m[K:
[6.621s] [01m[K/opt/ros/jazzy/include/moveit_core/moveit/planning_scene/planning_scene.h:50:77:[m[K [01;36m[Knote: [m[Kâ€˜[01m[K#pragma message: .h header is obsolete. Please use the .hpp header instead.[m[Kâ€™
[6.622s]    50 | #pragma message(".h header is obsolete. Please use the .hpp header instead."[01;36m[K)[m[K
[6.622s]       |                                                                             [01;36m[K^[m[K
[10.572s] In file included from [01m[K/home/darsh/ros2_ws/src/UR3_ROS2_PICK_AND_PLACE/moveit_task_constructor/core/test/stage_mockups.cpp:2[m[K:
[10.572s] [01m[K/opt/ros/jazzy/include/moveit_core/moveit/planning_scene/planning_scene.h:50:77:[m[K [01;36m[Knote: [m[Kâ€˜[01m[K#pragma message: .h header is obsolete. Please use the .hpp header instead.[m[Kâ€™
[10.573s]    50 | #pragma message(".h header is obsolete. Please use the .hpp header instead."[01;36m[K)[m[K
[10.573s]       |                                                                             [01;36m[K^[m[K
[12.625s] In file included from [01m[K/home/darsh/ros2_ws/src/UR3_ROS2_PICK_AND_PLACE/moveit_task_constructor/core/src/stages/predicate_filter.cpp:42[m[K:
[12.625s] [01m[K/opt/ros/jazzy/include/moveit_core/moveit/robot_state/conversions.h:50:77:[m[K [01;36m[Knote: [m[Kâ€˜[01m[K#pragma message: .h header is obsolete. Please use the .hpp header instead.[m[Kâ€™
[12.625s]    50 | #pragma message(".h header is obsolete. Please use the .hpp header instead."[01;36m[K)[m[K
[12.626s]       |                                                                             [01;36m[K^[m[K
[12.626s] In file included from [01m[K/home/darsh/ros2_ws/src/UR3_ROS2_PICK_AND_PLACE/moveit_task_constructor/core/src/stages/predicate_filter.cpp:43[m[K:
[12.627s] [01m[K/opt/ros/jazzy/include/moveit_core/moveit/robot_state/robot_state.h:51:77:[m[K [01;36m[Knote: [m[Kâ€˜[01m[K#pragma message: .h header is obsolete. Please use the .hpp header instead.[m[Kâ€™
[12.627s]    51 | #pragma message(".h header is obsolete. Please use the .hpp header instead."[01;36m[K)[m[K
[12.627s]       |                                                                             [01;36m[K^[m[K
[12.728s] In file included from [01m[K/home/darsh/ros2_ws/src/UR3_ROS2_PICK_AND_PLACE/moveit_task_constructor/core/src/stages/generate_grasp_pose.cpp:43[m[K:
[12.728s] [01m[K/opt/ros/jazzy/include/moveit_core/moveit/robot_state/conversions.h:50:77:[m[K [01;36m[Knote: [m[Kâ€˜[01m[K#pragma message: .h header is obsolete. Please use the .hpp header instead.[m[Kâ€™
[12.728s]    50 | #pragma message(".h header is obsolete. Please use the .hpp header instead."[01;36m[K)[m[K
[12.728s]       |                                                                             [01;36m[K^[m[K
[13.141s] In file included from [01m[K/home/darsh/ros2_ws/src/UR3_ROS2_PICK_AND_PLACE/moveit_task_constructor/core/include/moveit/task_constructor/task.h:50[m[K,
[13.142s]                  from [01m[K/home/darsh/ros2_ws/src/UR3_ROS2_PICK_AND_PLACE/moveit_task_constructor/core/test/stage_mockups.h:3[m[K,
[13.142s]                  from [01m[K/home/darsh/ros2_ws/src/UR3_ROS2_PICK_AND_PLACE/moveit_task_constructor/core/test/stage_mockups.cpp:4[m[K:
[13.142s] [01m[K/opt/ros/jazzy/include/moveit_core/moveit/utils/moveit_error_code.h:48:77:[m[K [01;36m[Knote: [m[Kâ€˜[01m[K#pragma message: .h header is obsolete. Please use the .hpp header instead.[m[Kâ€™
[13.142s]    48 | #pragma message(".h header is obsolete. Please use the .hpp header instead."[01;36m[K)[m[K
[13.142s]       |                                                                             [01;36m[K^[m[K
[24.098s] [ 37%] [32m[1mLinking CXX shared library libgtest_utils.so[0m
[25.095s] [ 40%] Built target gtest_utils
[35.324s] [ 41%] [32m[1mLinking CXX shared library libmoveit_task_constructor_core_stages.so[0m
[35.785s] [ 54%] Built target moveit_task_constructor_core_stages
[35.833s] [ 56%] [32mBuilding CXX object src/stages/CMakeFiles/moveit_task_constructor_core_stage_plugins.dir/plugins.cpp.o[0m
[35.833s] [ 57%] [32mBuilding CXX object test/CMakeFiles/moveit_task_constructor_core-test-stage.dir/test_stage.cpp.o[0m
[35.834s] [ 57%] [32mBuilding CXX object python/bindings/CMakeFiles/pymoveit_mtc.dir/src/properties.cpp.o[0m
[35.844s] [ 59%] [32mBuilding CXX object test/CMakeFiles/moveit_task_constructor_core-test-container.dir/test_container.cpp.o[0m
[35.845s] [ 59%] [32mBuilding CXX object test/CMakeFiles/moveit_task_constructor_core-test-mockups.dir/test_mockups.cpp.o[0m
[35.845s] [ 60%] [32mBuilding CXX object test/CMakeFiles/moveit_task_constructor_core-test-cost-terms.dir/test_cost_terms.cpp.o[0m
[35.845s] [ 62%] [32mBuilding CXX object test/CMakeFiles/moveit_task_constructor_core-test-pruning.dir/test_pruning.cpp.o[0m
[35.847s] [ 63%] [32mBuilding CXX object test/CMakeFiles/moveit_task_constructor_core-test-fallback.dir/test_fallback.cpp.o[0m
[35.847s] [ 64%] [32mBuilding CXX object test/CMakeFiles/moveit_task_constructor_core-test-serial.dir/test_serial.cpp.o[0m
[35.851s] [ 65%] [32mBuilding CXX object test/CMakeFiles/moveit_task_constructor_core-test-move-to.dir/test_move_to.cpp.o[0m
[35.852s] [ 66%] [32mBuilding CXX object test/CMakeFiles/pick_ur5.dir/pick_ur5.cpp.o[0m
[35.852s] [ 67%] [32mBuilding CXX object test/CMakeFiles/moveit_task_constructor_core-test-cost-queue.dir/test_cost_queue.cpp.o[0m
[35.853s] [ 68%] [32mBuilding CXX object test/CMakeFiles/moveit_task_constructor_core-test-pipeline-planner.dir/test_pipeline_planner.cpp.o[0m
[35.853s] [ 70%] [32mBuilding CXX object test/CMakeFiles/moveit_task_constructor_core-test-interface-state.dir/test_interface_state.cpp.o[0m
[35.855s] [ 71%] [32mBuilding CXX object test/CMakeFiles/moveit_task_constructor_core-test-properties.dir/test_properties.cpp.o[0m
[35.863s] [ 72%] [32mBuilding CXX object test/CMakeFiles/moveit_task_constructor_core-test-move-relative.dir/test_move_relative.cpp.o[0m
[37.978s] In file included from [01m[K/home/darsh/ros2_ws/src/UR3_ROS2_PICK_AND_PLACE/moveit_task_constructor/core/include/moveit/task_constructor/storage.h:42[m[K,
[37.978s]                  from [01m[K/home/darsh/ros2_ws/src/UR3_ROS2_PICK_AND_PLACE/moveit_task_constructor/core/test/test_interface_state.cpp:1[m[K:
[37.978s] [01m[K/opt/ros/jazzy/include/moveit_core/moveit/macros/class_forward.h:50:77:[m[K [01;36m[Knote: [m[Kâ€˜[01m[K#pragma message: .h header is obsolete. Please use the .hpp header instead.[m[Kâ€™
[37.978s]    50 | #pragma message(".h header is obsolete. Please use the .hpp header instead."[01;36m[K)[m[K
[37.979s]       |                                                                             [01;36m[K^[m[K
[38.075s] In file included from [01m[K/home/darsh/ros2_ws/src/UR3_ROS2_PICK_AND_PLACE/moveit_task_constructor/core/test/models.h:3[m[K,
[38.076s]                  from [01m[K/home/darsh/ros2_ws/src/UR3_ROS2_PICK_AND_PLACE/moveit_task_constructor/core/test/test_move_to.cpp:1[m[K:
[38.076s] [01m[K/opt/ros/jazzy/include/moveit_core/moveit/macros/class_forward.h:50:77:[m[K [01;36m[Knote: [m[Kâ€˜[01m[K#pragma message: .h header is obsolete. Please use the .hpp header instead.[m[Kâ€™
[38.076s]    50 | #pragma message(".h header is obsolete. Please use the .hpp header instead."[01;36m[K)[m[K
[38.077s]       |                                                                             [01;36m[K^[m[K
[38.215s] In file included from [01m[K/home/darsh/ros2_ws/src/UR3_ROS2_PICK_AND_PLACE/moveit_task_constructor/core/test/models.h:3[m[K,
[38.215s]                  from [01m[K/home/darsh/ros2_ws/src/UR3_ROS2_PICK_AND_PLACE/moveit_task_constructor/core/test/test_stage.cpp:1[m[K:
[38.215s] [01m[K/opt/ros/jazzy/include/moveit_core/moveit/macros/class_forward.h:50:77:[m[K [01;36m[Knote: [m[Kâ€˜[01m[K#pragma message: .h header is obsolete. Please use the .hpp header instead.[m[Kâ€™
[38.215s]    50 | #pragma message(".h header is obsolete. Please use the .hpp header instead."[01;36m[K)[m[K
[38.216s]       |                                                                             [01;36m[K^[m[K
[38.320s] In file included from [01m[K/home/darsh/ros2_ws/src/UR3_ROS2_PICK_AND_PLACE/moveit_task_constructor/core/include/moveit/task_constructor/storage.h:42[m[K,
[38.321s]                  from [01m[K/home/darsh/ros2_ws/src/UR3_ROS2_PICK_AND_PLACE/moveit_task_constructor/core/test/test_cost_queue.cpp:4[m[K:
[38.321s] [01m[K/opt/ros/jazzy/include/moveit_core/moveit/macros/class_forward.h:50:77:[m[K [01;36m[Knote: [m[Kâ€˜[01m[K#pragma message: .h header is obsolete. Please use the .hpp header instead.[m[Kâ€™
[38.321s]    50 | #pragma message(".h header is obsolete. Please use the .hpp header instead."[01;36m[K)[m[K
[38.321s]       |                                                                             [01;36m[K^[m[K
[38.503s] In file included from [01m[K/home/darsh/ros2_ws/src/UR3_ROS2_PICK_AND_PLACE/moveit_task_constructor/core/test/models.h:3[m[K,
[38.504s]                  from [01m[K/home/darsh/ros2_ws/src/UR3_ROS2_PICK_AND_PLACE/moveit_task_constructor/core/test/test_pipeline_planner.cpp:1[m[K:
[38.504s] [01m[K/opt/ros/jazzy/include/moveit_core/moveit/macros/class_forward.h:50:77:[m[K [01;36m[Knote: [m[Kâ€˜[01m[K#pragma message: .h header is obsolete. Please use the .hpp header instead.[m[Kâ€™
[38.504s]    50 | #pragma message(".h header is obsolete. Please use the .hpp header instead."[01;36m[K)[m[K
[38.504s]       |                                                                             [01;36m[K^[m[K
[38.612s] In file included from [01m[K/home/darsh/ros2_ws/src/UR3_ROS2_PICK_AND_PLACE/moveit_task_constructor/core/test/models.h:3[m[K,
[38.613s]                  from [01m[K/home/darsh/ros2_ws/src/UR3_ROS2_PICK_AND_PLACE/moveit_task_constructor/core/test/test_move_relative.cpp:1[m[K:
[38.613s] [01m[K/opt/ros/jazzy/include/moveit_core/moveit/macros/class_forward.h:50:77:[m[K [01;36m[Knote: [m[Kâ€˜[01m[K#pragma message: .h header is obsolete. Please use the .hpp header instead.[m[Kâ€™
[38.613s]    50 | #pragma message(".h header is obsolete. Please use the .hpp header instead."[01;36m[K)[m[K
[38.614s]       |                                                                             [01;36m[K^[m[K
[41.049s] In file included from [01m[K/home/darsh/ros2_ws/src/UR3_ROS2_PICK_AND_PLACE/moveit_task_constructor/core/include/moveit/task_constructor/utils.h:47[m[K,
[41.049s]                  from [01m[K/home/darsh/ros2_ws/src/UR3_ROS2_PICK_AND_PLACE/moveit_task_constructor/core/include/moveit/task_constructor/stage.h:43[m[K,
[41.049s]                  from [01m[K/home/darsh/ros2_ws/src/UR3_ROS2_PICK_AND_PLACE/moveit_task_constructor/core/include/moveit/task_constructor/stages/current_state.h:42[m[K,
[41.050s]                  from [01m[K/home/darsh/ros2_ws/src/UR3_ROS2_PICK_AND_PLACE/moveit_task_constructor/core/src/stages/plugins.cpp:1[m[K:
[41.050s] [01m[K/opt/ros/jazzy/include/moveit_core/moveit/macros/class_forward.h:50:77:[m[K [01;36m[Knote: [m[Kâ€˜[01m[K#pragma message: .h header is obsolete. Please use the .hpp header instead.[m[Kâ€™
[41.050s]    50 | ase use the .hpp header instead."[01;36m[K)[m[K
[41.050s]       |                                  [01;36m[K^[m[K
[41.051s] 
[41.562s] In file included from [01m[K/home/darsh/ros2_ws/src/UR3_ROS2_PICK_AND_PLACE/moveit_task_constructor/core/include/moveit/task_constructor/utils.h:47[m[K,
[41.562s]                  from [01m[K/home/darsh/ros2_ws/src/UR3_ROS2_PICK_AND_PLACE/moveit_task_constructor/core/include/moveit/task_constructor/stage.h:43[m[K,
[41.562s]                  from [01m[K/home/darsh/ros2_ws/src/UR3_ROS2_PICK_AND_PLACE/moveit_task_constructor/core/include/moveit/task_constructor/container.h:41[m[K,
[41.562s]                  from [01m[K/home/darsh/ros2_ws/src/UR3_ROS2_PICK_AND_PLACE/moveit_task_constructor/core/include/moveit/task_constructor/task.h:42[m[K,
[41.563s]                  from [01m[K/home/darsh/ros2_ws/src/UR3_ROS2_PICK_AND_PLACE/moveit_task_constructor/core/test/test_pruning.cpp:1[m[K:
[41.563s] [01m[K/opt/ros/jazzy/include/moveit_core/moveit/macros/class_forward.h:50:77:[m[K [01;36m[Knote: [m[Kâ€˜[01m[K#pragma message: .h header is obsolete. Please use the .hpp header instead.[m[Kâ€™
[41.563s]    50 | #pragma message(".h header is obsolete. Please use the .hpp header instead."[01;36m[K)[m[K
[41.563s]       |                                                                             [01;36m[K^[m[K
[41.601s] In file included from [01m[K/home/darsh/ros2_ws/src/UR3_ROS2_PICK_AND_PLACE/moveit_task_constructor/core/include/moveit/task_constructor/utils.h:47[m[K,
[41.602s]                  from [01m[K/home/darsh/ros2_ws/src/UR3_ROS2_PICK_AND_PLACE/moveit_task_constructor/core/include/moveit/task_constructor/stage.h:43[m[K,
[41.602s]                  from [01m[K/home/darsh/ros2_ws/src/UR3_ROS2_PICK_AND_PLACE/moveit_task_constructor/core/include/moveit/task_constructor/container.h:41[m[K,
[41.602s]                  from [01m[K/home/darsh/ros2_ws/src/UR3_ROS2_PICK_AND_PLACE/moveit_task_constructor/core/include/moveit/task_constructor/task.h:42[m[K,
[41.603s]                  from [01m[K/home/darsh/ros2_ws/src/UR3_ROS2_PICK_AND_PLACE/moveit_task_constructor/core/test/test_serial.cpp:1[m[K:
[41.603s] [01m[K/opt/ros/jazzy/include/moveit_core/moveit/macros/class_forward.h:50:77:[m[K [01;36m[Knote: [m[Kâ€˜[01m[K#pragma message: .h header is obsolete. Please use the .hpp header instead.[m[Kâ€™
[41.603s]    50 | #pragma message(".h header is obsolete. Please use the .hpp header instead."[01;36m[K)[m[K
[41.603s]       |                                                                             [01;36m[K^[m[K
[42.349s] In file included from [01m[K/home/darsh/ros2_ws/src/UR3_ROS2_PICK_AND_PLACE/moveit_task_constructor/core/test/models.h:3[m[K,
[42.349s]                  from [01m[K/home/darsh/ros2_ws/src/UR3_ROS2_PICK_AND_PLACE/moveit_task_constructor/core/test/test_cost_terms.cpp:1[m[K:
[42.350s] [01m[K/opt/ros/jazzy/include/moveit_core/moveit/macros/class_forward.h:50:77:[m[K [01;36m[Knote: [m[Kâ€˜[01m[K#pragma message: .h header is obsolete. Please use the .hpp header instead.[m[Kâ€™
[42.350s]    50 | #pragma message(".h header is obsolete. Please use the .hpp header instead."[01;36m[K)[m[K
[42.350s]       |                                                                             [01;36m[K^[m[K
[42.427s] In file included from [01m[K/home/darsh/ros2_ws/src/UR3_ROS2_PICK_AND_PLACE/moveit_task_constructor/core/include/moveit/task_constructor/utils.h:47[m[K,
[42.427s]                  from [01m[K/home/darsh/ros2_ws/src/UR3_ROS2_PICK_AND_PLACE/moveit_task_constructor/core/include/moveit/task_constructor/stage.h:43[m[K,
[42.427s]                  from [01m[K/home/darsh/ros2_ws/src/UR3_ROS2_PICK_AND_PLACE/moveit_task_constructor/core/include/moveit/task_constructor/container.h:41[m[K,
[42.428s]                  from [01m[K/home/darsh/ros2_ws/src/UR3_ROS2_PICK_AND_PLACE/moveit_task_constructor/core/include/moveit/task_constructor/task.h:42[m[K,
[42.428s]                  from [01m[K/home/darsh/ros2_ws/src/UR3_ROS2_PICK_AND_PLACE/moveit_task_constructor/core/test/pick_ur5.cpp:1[m[K:
[42.428s] [01m[K/opt/ros/jazzy/include/moveit_core/moveit/macros/class_forward.h:50:77:[m[K [01;36m[Knote: [m[Kâ€˜[01m[K#pragma message: .h header is obsolete. Please use the .hpp header instead.[m[Kâ€™
[42.428s]    50 | #pragma message(".h header is obsolete. Please use the .hpp header instead."[01;36m[K)[m[K
[42.428s]       |                                                                             [01;36m[K^[m[K
[43.669s] In file included from [01m[K/home/darsh/ros2_ws/src/UR3_ROS2_PICK_AND_PLACE/moveit_task_constructor/core/include/moveit/task_constructor/task.h:50[m[K:
[43.669s] [01m[K/opt/ros/jazzy/include/moveit_core/moveit/utils/moveit_error_code.h:48:77:[m[K [01;36m[Knote: [m[Kâ€˜[01m[K#pragma message: .h header is obsolete. Please use the .hpp header instead.[m[Kâ€™
[43.670s]    48 | #pragma message(".h header is obsolete. Please use the .hpp header instead."[01;36m[K)[m[K
[43.670s]       |                                                                             [01;36m[K^[m[K
[43.768s] In file included from [01m[K/home/darsh/ros2_ws/src/UR3_ROS2_PICK_AND_PLACE/moveit_task_constructor/core/include/moveit/task_constructor/task.h:50[m[K:
[43.768s] [01m[K/opt/ros/jazzy/include/moveit_core/moveit/utils/moveit_error_code.h:48:77:[m[K [01;36m[Knote: [m[Kâ€˜[01m[K#pragma message: .h header is obsolete. Please use the .hpp header instead.[m[Kâ€™
[43.775s]    48 | #pragma message(".h header is obsolete. Please use the .hpp header instead."[01;36m[K)[m[K
[43.776s]       |                                                                             [01;36m[K^[m[K
[44.924s] [ 73%] [32m[1mLinking CXX shared library libmoveit_task_constructor_core_stage_plugins.so[0m
[45.118s] In file included from [01m[K/home/darsh/ros2_ws/src/UR3_ROS2_PICK_AND_PLACE/moveit_task_constructor/core/include/moveit/task_constructor/task.h:50[m[K:
[45.118s] [01m[K/opt/ros/jazzy/include/moveit_core/moveit/utils/moveit_error_code.h:48:77:[m[K [01;36m[Knote: [m[Kâ€˜[01m[K#pragma message: .h header is obsolete. Please use the .hpp header instead.[m[Kâ€™
[45.119s]    48 | #pragma message(".h header is obsolete. Please use the .hpp header instead."[01;36m[K)[m[K
[45.119s]       |                                                                             [01;36m[K^[m[K
[45.499s] In file included from [01m[K/home/darsh/ros2_ws/src/UR3_ROS2_PICK_AND_PLACE/moveit_task_constructor/core/include/moveit/task_constructor/utils.h:47[m[K,
[45.499s]                  from [01m[K/home/darsh/ros2_ws/src/UR3_ROS2_PICK_AND_PLACE/moveit_task_constructor/core/include/moveit/task_constructor/stage.h:43[m[K,
[45.500s]                  from [01m[K/home/darsh/ros2_ws/src/UR3_ROS2_PICK_AND_PLACE/moveit_task_constructor/core/include/moveit/task_constructor/container.h:41[m[K,
[45.500s]                  from [01m[K/home/darsh/ros2_ws/src/UR3_ROS2_PICK_AND_PLACE/moveit_task_constructor/core/include/moveit/task_constructor/container_p.h:41[m[K,
[45.500s]                  from [01m[K/home/darsh/ros2_ws/src/UR3_ROS2_PICK_AND_PLACE/moveit_task_constructor/core/test/test_container.cpp:1[m[K:
[45.500s] [01m[K/opt/ros/jazzy/include/moveit_core/moveit/macros/class_forward.h:50:77:[m[K [01;36m[Knote: [m[Kâ€˜[01m[K#pragma message: .h header is obsolete. Please use the .hpp header instead.[m[Kâ€™
[45.501s]    50 | #pragma message(".h header is obsolete. Please use the .hpp header instead."[01;36m[K)[m[K
[45.501s]       |                                                                             [01;36m[K^[m[K
[46.089s] [ 73%] Built target moveit_task_constructor_core_stage_plugins
[46.195s] [ 74%] [32mBuilding CXX object test/CMakeFiles/pick_pr2.dir/pick_pr2.cpp.o[0m
[46.327s] In file included from [01m[K/home/darsh/ros2_ws/src/UR3_ROS2_PICK_AND_PLACE/moveit_task_constructor/core/test/test_pipeline_planner.cpp:4[m[K:
[46.327s] [01m[K/opt/ros/jazzy/include/moveit_core/moveit/robot_model/robot_model.h:51:77:[m[K [01;36m[Knote: [m[Kâ€˜[01m[K#pragma message: .h header is obsolete. Please use the .hpp header instead.[m[Kâ€™
[46.327s]    51 | #pragma message(".h header is obsolete. Please use the .hpp header instead."[01;36m[K)[m[K
[46.328s]       |                                                                             [01;36m[K^[m[K
[46.556s] [ 75%] [32m[1mLinking CXX executable moveit_task_constructor_core-test-properties[0m
[46.595s] In file included from [01m[K/home/darsh/ros2_ws/src/UR3_ROS2_PICK_AND_PLACE/moveit_task_constructor/core/include/moveit/task_constructor/utils.h:47[m[K,
[46.596s]                  from [01m[K/home/darsh/ros2_ws/src/UR3_ROS2_PICK_AND_PLACE/moveit_task_constructor/core/include/moveit/task_constructor/stage.h:43[m[K,
[46.596s]                  from [01m[K/home/darsh/ros2_ws/src/UR3_ROS2_PICK_AND_PLACE/moveit_task_constructor/core/include/moveit/task_constructor/container.h:41[m[K,
[46.596s]                  from [01m[K/home/darsh/ros2_ws/src/UR3_ROS2_PICK_AND_PLACE/moveit_task_constructor/core/include/moveit/task_constructor/task.h:42[m[K,
[46.597s]                  from [01m[K/home/darsh/ros2_ws/src/UR3_ROS2_PICK_AND_PLACE/moveit_task_constructor/core/test/stage_mockups.h:3[m[K,
[46.601s]                  from [01m[K/home/darsh/ros2_ws/src/UR3_ROS2_PICK_AND_PLACE/moveit_task_constructor/core/test/test_mockups.cpp:1[m[K:
[46.601s] [01m[K/opt/ros/jazzy/include/moveit_core/moveit/macros/class_forward.h:50:77:[m[K [01;36m[Knote: [m[Kâ€˜[01m[K#pragma message: .h header is obsolete. Please use the .hpp header instead.[m[Kâ€™
[46.601s]    50 | #pragma message(".h header is obsolete. Please use the .hpp header instead."[01;36m[K)[m[K
[46.601s]       |                                                                             [01;36m[K^[m[K
[47.223s] In file included from [01m[K/home/darsh/ros2_ws/src/UR3_ROS2_PICK_AND_PLACE/moveit_task_constructor/core/include/moveit/task_constructor/utils.h:47[m[K,
[47.224s]                  from [01m[K/home/darsh/ros2_ws/src/UR3_ROS2_PICK_AND_PLACE/moveit_task_constructor/core/include/moveit/task_constructor/stage.h:43[m[K,
[47.226s]                  from [01m[K/home/darsh/ros2_ws/src/UR3_ROS2_PICK_AND_PLACE/moveit_task_constructor/core/include/moveit/task_constructor/container.h:41[m[K,
[47.226s]                  from [01m[K/home/darsh/ros2_ws/src/UR3_ROS2_PICK_AND_PLACE/moveit_task_constructor/core/include/moveit/task_constructor/container_p.h:41[m[K,
[47.227s]                  from [01m[K/home/darsh/ros2_ws/src/UR3_ROS2_PICK_AND_PLACE/moveit_task_constructor/core/test/test_fallback.cpp:1[m[K:
[47.227s] [01m[K/opt/ros/jazzy/include/moveit_core/moveit/macros/class_forward.h:50:77:[m[K [01;36m[Knote: [m[Kâ€˜[01m[K#pragma message: .h header is obsolete. Please use the .hpp header instead.[m[Kâ€™
[47.227s]    50 | #pragma message(".h header is obsolete. Please use the .hpp header instead."[01;36m[K)[m[K
[47.228s]       |                                                                             [01;36m[K^[m[K
[47.641s] In file included from [01m[K/home/darsh/ros2_ws/src/UR3_ROS2_PICK_AND_PLACE/moveit_task_constructor/core/test/stage_mockups.h:6[m[K,
[47.641s]                  from [01m[K/home/darsh/ros2_ws/src/UR3_ROS2_PICK_AND_PLACE/moveit_task_constructor/core/test/test_pruning.cpp:3[m[K:
[47.641s] [01m[K/opt/ros/jazzy/include/moveit_core/moveit/planning_scene/planning_scene.h:50:77:[m[K [01;36m[Knote: [m[Kâ€˜[01m[K#pragma message: .h header is obsolete. Please use the .hpp header instead.[m[Kâ€™
[47.642s]    50 | #pragma message(".h header is obsolete. Please use the .hpp header instead."[01;36m[K)[m[K
[47.642s]       |                                                                             [01;36m[K^[m[K
[48.290s] In file included from [01m[K/home/darsh/ros2_ws/src/UR3_ROS2_PICK_AND_PLACE/moveit_task_constructor/core/include/moveit/task_constructor/stages/fix_collision_objects.h:44[m[K,
[48.290s]                  from [01m[K/home/darsh/ros2_ws/src/UR3_ROS2_PICK_AND_PLACE/moveit_task_constructor/core/include/moveit/task_constructor/stages.h:44[m[K,
[48.291s]                  from [01m[K/home/darsh/ros2_ws/src/UR3_ROS2_PICK_AND_PLACE/moveit_task_constructor/core/test/test_serial.cpp:2[m[K:
[48.291s] [01m[K/opt/ros/jazzy/include/moveit_core/moveit/collision_detection/collision_common.h:50:77:[m[K [01;36m[Knote: [m[Kâ€˜[01m[K#pragma message: .h header is obsolete. Please use the .hpp header instead.[m[Kâ€™
[48.291s]    50 | #pragma message(".h header is obsolete. Please use the .hpp header instead."[01;36m[K)[m[K
[48.291s]       |                                                                             [01;36m[K^[m[K
[49.515s] In file included from [01m[K/home/darsh/ros2_ws/src/UR3_ROS2_PICK_AND_PLACE/moveit_task_constructor/core/include/moveit/task_constructor/task.h:50[m[K:
[49.515s] [01m[K/opt/ros/jazzy/include/moveit_core/moveit/utils/moveit_error_code.h:48:77:[m[K [01;36m[Knote: [m[Kâ€˜[01m[K#pragma message: .h header is obsolete. Please use the .hpp header instead.[m[Kâ€™
[49.515s]    48 | #pragma message(".h header is obsolete. Please use the .hpp header instead."[01;36m[K)[m[K
[49.515s]       |                                                                             [01;36m[K^[m[K
[50.850s] In file included from [01m[K/home/darsh/ros2_ws/src/UR3_ROS2_PICK_AND_PLACE/moveit_task_constructor/core/test/test_interface_state.cpp:3[m[K:
[50.850s] [01m[K/opt/ros/jazzy/include/moveit_core/moveit/planning_scene/planning_scene.h:50:77:[m[K [01;36m[Knote: [m[Kâ€˜[01m[K#pragma message: .h header is obsolete. Please use the .hpp header instead.[m[Kâ€™
[50.851s]    50 | #pragma message(".h header is obsolete. Please use the .hpp header instead."[01;36m[K)[m[K
[50.851s]       |                                                                             [01;36m[K^[m[K
[51.095s] [ 75%] Built target moveit_task_constructor_core-test-properties
[51.242s] [ 77%] [32mBuilding CXX object test/CMakeFiles/pick_pa10.dir/pick_pa10.cpp.o[0m
[51.580s] In file included from [01m[K/home/darsh/ros2_ws/src/UR3_ROS2_PICK_AND_PLACE/moveit_task_constructor/core/include/moveit/task_constructor/task.h:50[m[K,
[51.580s]                  from [01m[K/home/darsh/ros2_ws/src/UR3_ROS2_PICK_AND_PLACE/moveit_task_constructor/core/test/test_move_relative.cpp:3[m[K:
[51.580s] [01m[K/opt/ros/jazzy/include/moveit_core/moveit/utils/moveit_error_code.h:48:77:[m[K [01;36m[Knote: [m[Kâ€˜[01m[K#pragma message: .h header is obsolete. Please use the .hpp header instead.[m[Kâ€™
[51.581s]    48 | #pragma message(".h header is obsolete. Please use the .hpp header instead."[01;36m[K)[m[K
[51.581s]       |                                                                             [01;36m[K^[m[K
[51.681s] In file included from [01m[K/home/darsh/ros2_ws/src/UR3_ROS2_PICK_AND_PLACE/moveit_task_constructor/core/test/test_stage.cpp:6[m[K:
[51.681s] [01m[K/opt/ros/jazzy/include/moveit_core/moveit/planning_scene/planning_scene.h:50:77:[m[K [01;36m[Knote: [m[Kâ€˜[01m[K#pragma message: .h header is obsolete. Please use the .hpp header instead.[m[Kâ€™
[51.681s]    50 | #pragma message(".h header is obsolete. Please use the .hpp header instead."[01;36m[K)[m[K
[51.682s]       |                                                                             [01;36m[K^[m[K
[53.307s] In file included from [01m[K/home/darsh/ros2_ws/src/UR3_ROS2_PICK_AND_PLACE/moveit_task_constructor/core/test/test_serial.cpp:5[m[K:
[53.307s] [01m[K/opt/ros/jazzy/include/moveit_core/moveit/planning_scene/planning_scene.h:50:77:[m[K [01;36m[Knote: [m[Kâ€˜[01m[K#pragma message: .h header is obsolete. Please use the .hpp header instead.[m[Kâ€™
[53.307s]    50 | #pragma message(".h header is obsolete. Please use the .hpp header instead."[01;36m[K)[m[K
[53.307s]       |                                                                             [01;36m[K^[m[K
[53.829s] In file included from [01m[K/home/darsh/ros2_ws/src/UR3_ROS2_PICK_AND_PLACE/moveit_task_constructor/core/include/moveit/task_constructor/task.h:50[m[K,
[53.829s]                  from [01m[K/home/darsh/ros2_ws/src/UR3_ROS2_PICK_AND_PLACE/moveit_task_constructor/core/test/stage_mockups.h:3[m[K,
[53.829s]                  from [01m[K/home/darsh/ros2_ws/src/UR3_ROS2_PICK_AND_PLACE/moveit_task_constructor/core/test/test_move_to.cpp:2[m[K:
[53.830s] [01m[K/opt/ros/jazzy/include/moveit_core/moveit/utils/moveit_error_code.h:48:77:[m[K [01;36m[Knote: [m[Kâ€˜[01m[K#pragma message: .h header is obsolete. Please use the .hpp header instead.[m[Kâ€™
[53.830s]    48 | #pragma message(".h header is obsolete. Please use the .hpp header instead."[01;36m[K)[m[K
[53.830s]       |                                                                             [01;36m[K^[m[K
[54.158s] In file included from [01m[K/home/darsh/ros2_ws/src/UR3_ROS2_PICK_AND_PLACE/moveit_task_constructor/core/test/stage_mockups.h:6[m[K:
[54.159s] [01m[K/opt/ros/jazzy/include/moveit_core/moveit/planning_scene/planning_scene.h:50:77:[m[K [01;36m[Knote: [m[Kâ€˜[01m[K#pragma message: .h header is obsolete. Please use the .hpp header instead.[m[Kâ€™
[54.160s]    50 | #pragma message(".h header is obsolete. Please use the .hpp header instead."[01;36m[K)[m[K
[54.160s]       |                                                                             [01;36m[K^[m[K
[54.933s] [ 78%] [32m[1mLinking CXX executable moveit_task_constructor_core-test-cost-queue[0m
[55.540s] In file included from [01m[K/home/darsh/ros2_ws/src/UR3_ROS2_PICK_AND_PLACE/moveit_task_constructor/core/include/moveit/task_constructor/utils.h:47[m[K,
[55.540s]                  from [01m[K/home/darsh/ros2_ws/src/UR3_ROS2_PICK_AND_PLACE/moveit_task_constructor/core/include/moveit/task_constructor/stage.h:43[m[K,
[55.540s]                  from [01m[K/home/darsh/ros2_ws/src/UR3_ROS2_PICK_AND_PLACE/moveit_task_constructor/core/include/moveit/task_constructor/container.h:41[m[K,
[55.541s]                  from [01m[K/home/darsh/ros2_ws/src/UR3_ROS2_PICK_AND_PLACE/moveit_task_constructor/core/include/moveit/task_constructor/task.h:42[m[K,
[55.541s]                  from [01m[K/home/darsh/ros2_ws/src/UR3_ROS2_PICK_AND_PLACE/moveit_task_constructor/core/test/pick_pr2.cpp:1[m[K:
[55.541s] [01m[K/opt/ros/jazzy/include/moveit_core/moveit/macros/class_forward.h:50:77:[m[K [01;36m[Knote: [m[Kâ€˜[01m[K#pragma message: .h header is obsolete. Please use the .hpp header instead.[m[Kâ€™
[55.541s]    50 | ase use the .hpp header instead."[01;36m[K)[m[K
[55.541s]       |                                  [01;36m[K^[m[K
[55.542s] 
[55.812s] In file included from [01m[K/home/darsh/ros2_ws/src/UR3_ROS2_PICK_AND_PLACE/moveit_task_constructor/core/test/stage_mockups.h:6[m[K:
[55.813s] [01m[K/opt/ros/jazzy/include/moveit_core/moveit/planning_scene/planning_scene.h:50:77:[m[K [01;36m[Knote: [m[Kâ€˜[01m[K#pragma message: .h header is obsolete. Please use the .hpp header instead.[m[Kâ€™
[55.829s]    50 | #pragma message(".h header is obsolete. Please use the .hpp header instead."[01;36m[K)[m[K
[55.848s]       |                                                                             [01;36m[K^[m[K
[59.656s] In file included from [01m[K/home/darsh/ros2_ws/src/UR3_ROS2_PICK_AND_PLACE/moveit_task_constructor/core/include/moveit/task_constructor/task.h:50[m[K,
[59.815s]                  from [01m[K/home/darsh/ros2_ws/src/UR3_ROS2_PICK_AND_PLACE/moveit_task_constructor/core/test/stage_mockups.h:3[m[K,
[59.815s]                  from [01m[K/home/darsh/ros2_ws/src/UR3_ROS2_PICK_AND_PLACE/moveit_task_constructor/core/test/test_stage.cpp:9[m[K:
[59.815s] [01m[K/opt/ros/jazzy/include/moveit_core/moveit/utils/moveit_error_code.h:48:77:[m[K [01;36m[Knote: [m[Kâ€˜[01m[K#pragma message: .h header is obsolete. Please use the .hpp header instead.[m[Kâ€™
[59.816s]    48 | #pragma message(".h header is obsolete. Please use the .hpp header instead."[01;36m[K)[m[K
[59.817s]       |                                                                             [01;36m[K^[m[K
[59.817s] In file included from [01m[K/home/darsh/ros2_ws/src/UR3_ROS2_PICK_AND_PLACE/moveit_task_constructor/core/include/moveit/task_constructor/task.h:50[m[K:
[59.818s] [01m[K/opt/ros/jazzy/include/moveit_core/moveit/utils/moveit_error_code.h:48:77:[m[K [01;36m[Knote: [m[Kâ€˜[01m[K#pragma message: .h header is obsolete. Please use the .hpp header instead.[m[Kâ€™
[59.818s]    48 | ase use the .hpp header instead."[01;36m[K)[m[K
[59.818s]       |                                  [01;36m[K^[m[K
[59.819s] 
[61.837s] In file included from [01m[K/home/darsh/ros2_ws/src/UR3_ROS2_PICK_AND_PLACE/moveit_task_constructor/core/test/test_serial.cpp:6[m[K:
[61.837s] [01m[K/opt/ros/jazzy/include/moveit_core/moveit/utils/robot_model_test_utils.h:51:77:[m[K [01;36m[Knote: [m[Kâ€˜[01m[K#pragma message: .h header is obsolete. Please use the .hpp header instead.[m[Kâ€™
[61.838s]    51 | #pragma message(".h header is obsolete. Please use the .hpp header instead."[01;36m[K)[m[K
[61.839s]       |                                                                             [01;36m[K^[m[K
[74.366s] In file included from [01m[K/home/darsh/ros2_ws/src/UR3_ROS2_PICK_AND_PLACE/moveit_task_constructor/core/include/moveit/task_constructor/task.h:50[m[K,
[74.371s]                  from [01m[K/home/darsh/ros2_ws/src/UR3_ROS2_PICK_AND_PLACE/moveit_task_constructor/core/include/moveit/task_constructor/task_p.h:42[m[K,
[74.371s]                  from [01m[K/home/darsh/ros2_ws/src/UR3_ROS2_PICK_AND_PLACE/moveit_task_constructor/core/test/test_container.cpp:3[m[K:
[74.371s] [01m[K/opt/ros/jazzy/include/moveit_core/moveit/utils/moveit_error_code.h:48:77:[m[K [01;36m[Knote: [m[Kâ€˜[01m[K#pragma message: .h header is obsolete. Please use the .hpp header instead.[m[Kâ€™
[74.372s]    48 | #pragma message(".h header is obsolete. Please use the .hpp header instead."[01;36m[K)[m[K
[74.372s]       |                                                                             [01;36m[K^[m[K
[74.381s] [01m[Kc++:[m[K [01;31m[Kfatal error: [m[KKilled signal terminated program cc1plus
[74.383s] compilation terminated.
[74.449s] gmake[2]: *** [test/CMakeFiles/moveit_task_constructor_core-test-interface-state.dir/build.make:76: test/CMakeFiles/moveit_task_constructor_core-test-interface-state.dir/test_interface_state.cpp.o] Error 1
[74.499s] gmake[1]: *** [CMakeFiles/Makefile2:776: test/CMakeFiles/moveit_task_constructor_core-test-interface-state.dir/all] Error 2
[74.504s] gmake[1]: *** Waiting for unfinished jobs....
[74.543s] In file included from [01m[K/home/darsh/ros2_ws/src/UR3_ROS2_PICK_AND_PLACE/moveit_task_constructor/core/test/test_container.cpp:5[m[K:
[74.544s] [01m[K/opt/ros/jazzy/include/moveit_core/moveit/planning_scene/planning_scene.h:50:77:[m[K [01;36m[Knote: [m[Kâ€˜[01m[K#pragma message: .h header is obsolete. Please use the .hpp header instead.[m[Kâ€™
[74.544s]    50 | #pragma message(".h header is obsolete. Please use the .hpp header instead."[01;36m[K)[m[K
[74.544s]       |                                                                             [01;36m[K^[m[K
[74.749s] [ 79%] [32mBuilding CXX object python/bindings/CMakeFiles/pymoveit_mtc.dir/src/solvers.cpp.o[0m
[74.750s] [ 79%] Built target moveit_task_constructor_core-test-cost-queue
[74.804s] [ 80%] [32mBuilding CXX object python/bindings/CMakeFiles/pymoveit_mtc.dir/src/core.cpp.o[0m
[74.858s] In file included from [01m[K/home/darsh/ros2_ws/src/UR3_ROS2_PICK_AND_PLACE/moveit_task_constructor/core/test/test_move_relative.cpp:9[m[K:
[74.858s] [01m[K/opt/ros/jazzy/include/moveit_core/moveit/planning_scene/planning_scene.h:50:77:[m[K [01;36m[Knote: [m[Kâ€˜[01m[K#pragma message: .h header is obsolete. Please use the .hpp header instead.[m[Kâ€™
[74.858s]    50 | #pragma message(".h header is obsolete. Please use the .hpp header instead."[01;36m[K)[m[K
[74.859s]       |                                                                             [01;36m[K^[m[K
[74.865s] In file included from [01m[K/home/darsh/ros2_ws/src/UR3_ROS2_PICK_AND_PLACE/moveit_task_constructor/core/test/test_move_relative.cpp:10[m[K:
[74.866s] [01m[K/opt/ros/jazzy/include/moveit_core/moveit/robot_trajectory/robot_trajectory.h:50:77:[m[K [01;36m[Knote: [m[Kâ€˜[01m[K#pragma message: .h header is obsolete. Please use the .hpp header instead.[m[Kâ€™
[74.866s]    50 | #pragma message(".h header is obsolete. Please use the .hpp header instead."[01;36m[K)[m[K
[74.866s]       |                                                                             [01;36m[K^[m[K
[74.964s] In file included from [01m[K/home/darsh/ros2_ws/src/UR3_ROS2_PICK_AND_PLACE/moveit_task_constructor/core/include/moveit/task_constructor/utils.h:47[m[K,
[74.964s]                  from [01m[K/home/darsh/ros2_ws/src/UR3_ROS2_PICK_AND_PLACE/moveit_task_constructor/core/include/moveit/task_constructor/stage.h:43[m[K,
[74.965s]                  from [01m[K/home/darsh/ros2_ws/src/UR3_ROS2_PICK_AND_PLACE/moveit_task_constructor/core/include/moveit/task_constructor/container.h:41[m[K,
[74.965s]                  from [01m[K/home/darsh/ros2_ws/src/UR3_ROS2_PICK_AND_PLACE/moveit_task_constructor/core/include/moveit/task_constructor/task.h:42[m[K,
[74.965s]                  from [01m[K/home/darsh/ros2_ws/src/UR3_ROS2_PICK_AND_PLACE/moveit_task_constructor/core/test/pick_pa10.cpp:1[m[K:
[74.965s] [01m[K/opt/ros/jazzy/include/moveit_core/moveit/macros/class_forward.h:50:77:[m[K [01;36m[Knote: [m[Kâ€˜[01m[K#pragma message: .h header is obsolete. Please use the .hpp header instead.[m[Kâ€™
[74.966s]    50 | #pragma message(".h header is obsolete. Please use the .hpp header instead."[01;36m[K)[m[K
[74.966s]       |                                                                             [01;36m[K^[m[K
[117.892s] [01m[Kc++:[m[K [01;31m[Kfatal error: [m[KKilled signal terminated program cc1plus
[117.909s] compilation terminated.
[117.925s] In file included from [01m[K/home/darsh/ros2_ws/src/UR3_ROS2_PICK_AND_PLACE/moveit_task_constructor/core/test/pick_ur5.cpp:11[m[K:
[117.930s] [01m[K/opt/ros/jazzy/include/moveit_ros_planning_interface/moveit/planning_scene_interface/planning_scene_interface.h:50:77:[m[K [01;36m[Knote: [m[Kâ€˜[01m[K#pragma message: .h header is obsolete. Please use the .hpp header instead.[m[Kâ€™
[117.934s]    50 | #pragma message(".h header is obsolete. Please use the .hpp header instead."[01;36m[K)[m[K
[117.934s]       |                                                                             [01;36m[K^[m[K
[117.964s] gmake[2]: *** [test/CMakeFiles/moveit_task_constructor_core-test-pipeline-planner.dir/build.make:76: test/CMakeFiles/moveit_task_constructor_core-test-pipeline-planner.dir/test_pipeline_planner.cpp.o] Error 1
[117.997s] gmake[1]: *** [CMakeFiles/Makefile2:866: test/CMakeFiles/moveit_task_constructor_core-test-pipeline-planner.dir/all] Error 2
[118.520s] In file included from [01m[K/home/darsh/ros2_ws/src/UR3_ROS2_PICK_AND_PLACE/moveit_task_constructor/core/test/test_cost_terms.cpp:8[m[K:
[118.522s] [01m[K/opt/ros/jazzy/include/moveit_core/moveit/planning_scene/planning_scene.h:50:77:[m[K [01;36m[Knote: [m[Kâ€˜[01m[K#pragma message: .h header is obsolete. Please use the .hpp header instead.[m[Kâ€™
[118.522s]    50 | #pragma message(".h header is obsolete. Please use the .hpp header instead."[01;36m[K)[m[K
[118.522s]       |                                                                             [01;36m[K^[m[K
[118.991s] In file included from [01m[K/home/darsh/ros2_ws/src/UR3_ROS2_PICK_AND_PLACE/moveit_task_constructor/core/include/moveit/task_constructor/task.h:50[m[K:
[118.992s] [01m[K/opt/ros/jazzy/include/moveit_core/moveit/utils/moveit_error_code.h:48:77:[m[K [01;36m[Knote: [m[Kâ€˜[01m[K#pragma message: .h header is obsolete. Please use the .hpp header instead.[m[Kâ€™
[118.992s]    48 | #pragma message(".h header is obsolete. Please use the .hpp header instead."[01;36m[K)[m[K
[118.992s]       |                                                                             [01;36m[K^[m[K
[125.397s] [01m[Kc++:[m[K [01;31m[Kfatal error: [m[KKilled signal terminated program cc1plus
[125.409s] compilation terminated.
[125.459s] gmake[2]: *** [test/CMakeFiles/moveit_task_constructor_core-test-container.dir/build.make:76: test/CMakeFiles/moveit_task_constructor_core-test-container.dir/test_container.cpp.o] Error 1
[125.491s] gmake[1]: *** [CMakeFiles/Makefile2:561: test/CMakeFiles/moveit_task_constructor_core-test-container.dir/all] Error 2
[128.647s] In file included from [01m[K/home/darsh/ros2_ws/src/UR3_ROS2_PICK_AND_PLACE/moveit_task_constructor/core/include/moveit/task_constructor/task.h:50[m[K,
[128.649s]                  from [01m[K/home/darsh/ros2_ws/src/UR3_ROS2_PICK_AND_PLACE/moveit_task_constructor/core/include/moveit/task_constructor/task_p.h:42[m[K,
[128.650s]                  from [01m[K/home/darsh/ros2_ws/src/UR3_ROS2_PICK_AND_PLACE/moveit_task_constructor/core/test/test_fallback.cpp:3[m[K:
[128.650s] [01m[K/opt/ros/jazzy/include/moveit_core/moveit/utils/moveit_error_code.h:48:77:[m[K [01;36m[Knote: [m[Kâ€˜[01m[K#pragma message: .h header is obsolete. Please use the .hpp header instead.[m[Kâ€™
[128.650s]    48 | #pragma message(".h header is obsolete. Please use the .hpp header instead."[01;36m[K)[m[K
[128.650s]       |                                                                             [01;36m[K^[m[K
[128.826s] In file included from [01m[K/home/darsh/ros2_ws/src/UR3_ROS2_PICK_AND_PLACE/moveit_task_constructor/core/test/test_fallback.cpp:5[m[K:
[128.826s] [01m[K/opt/ros/jazzy/include/moveit_core/moveit/planning_scene/planning_scene.h:50:77:[m[K [01;36m[Knote: [m[Kâ€˜[01m[K#pragma message: .h header is obsolete. Please use the .hpp header instead.[m[Kâ€™
[128.827s]    50 | #pragma message(".h header is obsolete. Please use the .hpp header instead."[01;36m[K)[m[K
[128.827s]       |                                                                             [01;36m[K^[m[K
[130.417s] In file included from [01m[K/home/darsh/ros2_ws/src/UR3_ROS2_PICK_AND_PLACE/moveit_task_constructor/core/include/moveit/task_constructor/task.h:50[m[K,
[130.423s]                  from [01m[K/home/darsh/ros2_ws/src/UR3_ROS2_PICK_AND_PLACE/moveit_task_constructor/core/test/stage_mockups.h:3[m[K,
[130.423s]                  from [01m[K/home/darsh/ros2_ws/src/UR3_ROS2_PICK_AND_PLACE/moveit_task_constructor/core/test/test_cost_terms.cpp:14[m[K:
[130.426s] [01m[K/opt/ros/jazzy/include/moveit_core/moveit/utils/moveit_error_code.h:48:77:[m[K [01;36m[Knote: [m[Kâ€˜[01m[K#pragma message: .h header is obsolete. Please use the .hpp header instead.[m[Kâ€™
[130.426s]    48 | #pragma message(".h header is obsolete. Please use the .hpp header instead."[01;36m[K)[m[K
[130.426s]       |                                                                             [01;36m[K^[m[K
[133.969s] [01m[Kc++:[m[K [01;31m[Kfatal error: [m[KKilled signal terminated program cc1plus
[133.973s] compilation terminated.
[134.058s] gmake[2]: *** [test/CMakeFiles/moveit_task_constructor_core-test-move-to.dir/build.make:76: test/CMakeFiles/moveit_task_constructor_core-test-move-to.dir/test_move_to.cpp.o] Error 1
[134.104s] gmake[1]: *** [CMakeFiles/Makefile2:806: test/CMakeFiles/moveit_task_constructor_core-test-move-to.dir/all] Error 2
[155.954s] [01m[Kc++:[m[K [01;31m[Kfatal error: [m[KKilled signal terminated program cc1plus
[155.960s] compilation terminated.
[156.031s] gmake[2]: *** [test/CMakeFiles/moveit_task_constructor_core-test-stage.dir/build.make:76: test/CMakeFiles/moveit_task_constructor_core-test-stage.dir/test_stage.cpp.o] Error 1
[156.056s] gmake[1]: *** [CMakeFiles/Makefile2:531: test/CMakeFiles/moveit_task_constructor_core-test-stage.dir/all] Error 2
[157.626s] In file included from [01m[K/home/darsh/ros2_ws/src/UR3_ROS2_PICK_AND_PLACE/moveit_task_constructor/core/test/pick_pr2.cpp:11[m[K:
[157.629s] [01m[K/opt/ros/jazzy/include/moveit_ros_planning_interface/moveit/planning_scene_interface/planning_scene_interface.h:50:77:[m[K [01;36m[Knote: [m[Kâ€˜[01m[K#pragma message: .h header is obsolete. Please use the .hpp header instead.[m[Kâ€™
[157.630s]    50 | ase use the .hpp header instead."[01;36m[K)[m[K
[157.630s]       |                                  [01;36m[K^[m[K
[157.630s] 
[157.726s] In file included from [01m[K/home/darsh/ros2_ws/src/UR3_ROS2_PICK_AND_PLACE/moveit_task_constructor/core/include/moveit/task_constructor/utils.h:47[m[K,
[157.726s]                  from [01m[K/home/darsh/ros2_ws/src/UR3_ROS2_PICK_AND_PLACE/moveit_task_constructor/core/include/moveit/task_constructor/stage.h:43[m[K,
[157.726s]                  from [01m[K/home/darsh/ros2_ws/src/UR3_ROS2_PICK_AND_PLACE/moveit_task_constructor/core/python/bindings/src/core.h:37[m[K,
[157.726s]                  from [01m[K/home/darsh/ros2_ws/src/UR3_ROS2_PICK_AND_PLACE/moveit_task_constructor/core/python/bindings/src/core.cpp:35[m[K:
[157.726s] [01m[K/opt/ros/jazzy/include/moveit_core/moveit/macros/class_forward.h:50:77:[m[K [01;36m[Knote: [m[Kâ€˜[01m[K#pragma message: .h header is obsolete. Please use the .hpp header instead.[m[Kâ€™
[157.727s]    50 | #pragma message(".h header is obsolete. Please use the .hpp header instead."[01;36m[K)[m[K
[157.727s]       |                                                                             [01;36m[K^[m[K
[159.373s] In file included from [01m[K/home/darsh/ros2_ws/src/UR3_ROS2_PICK_AND_PLACE/moveit_task_constructor/core/include/moveit/task_constructor/solvers/planner_interface.h:41[m[K,
[159.378s]                  from [01m[K/home/darsh/ros2_ws/src/UR3_ROS2_PICK_AND_PLACE/moveit_task_constructor/core/include/moveit/task_constructor/solvers/cartesian_path.h:41[m[K,
[159.378s]                  from [01m[K/home/darsh/ros2_ws/src/UR3_ROS2_PICK_AND_PLACE/moveit_task_constructor/core/python/bindings/src/solvers.cpp:36[m[K:
[159.380s] [01m[K/opt/ros/jazzy/include/moveit_core/moveit/macros/class_forward.h:50:77:[m[K [01;36m[Knote: [m[Kâ€˜[01m[K#pragma message: .h header is obsolete. Please use the .hpp header instead.[m[Kâ€™
[159.381s]    50 | #pragma message(".h header is obsolete. Please use the .hpp header instead."[01;36m[K)[m[K
[159.381s]       |                                                                             [01;36m[K^[m[K
[187.637s] [01m[Kc++:[m[K [01;31m[Kfatal error: [m[KKilled signal terminated program cc1plus
[187.646s] compilation terminated.
[187.712s] gmake[2]: *** [test/CMakeFiles/moveit_task_constructor_core-test-move-relative.dir/build.make:76: test/CMakeFiles/moveit_task_constructor_core-test-move-relative.dir/test_move_relative.cpp.o] Error 1
[187.760s] gmake[1]: *** [CMakeFiles/Makefile2:836: test/CMakeFiles/moveit_task_constructor_core-test-move-relative.dir/all] Error 2
[188.173s] In file included from [01m[K/home/darsh/ros2_ws/src/UR3_ROS2_PICK_AND_PLACE/moveit_task_constructor/core/python/bindings/src/core.h:41[m[K:
[188.174s] [01m[K/opt/ros/jazzy/include/moveit_core/moveit/utils/moveit_error_code.h:48:77:[m[K [01;36m[Knote: [m[Kâ€˜[01m[K#pragma message: .h header is obsolete. Please use the .hpp header instead.[m[Kâ€™
[188.174s]    48 | #pragma message(".h header is obsolete. Please use the .hpp header instead."[01;36m[K)[m[K
[188.174s]       |                                                                             [01;36m[K^[m[K
[189.530s] In file included from [01m[K/home/darsh/ros2_ws/src/UR3_ROS2_PICK_AND_PLACE/moveit_task_constructor/core/include/moveit/task_constructor/stages/fix_collision_objects.h:44[m[K,
[189.530s]                  from [01m[K/home/darsh/ros2_ws/src/UR3_ROS2_PICK_AND_PLACE/moveit_task_constructor/core/test/pick_pa10.cpp:14[m[K:
[189.531s] [01m[K/opt/ros/jazzy/include/moveit_core/moveit/collision_detection/collision_common.h:50:77:[m[K [01;36m[Knote: [m[Kâ€˜[01m[K#pragma message: .h header is obsolete. Please use the .hpp header instead.[m[Kâ€™
[189.531s]    50 | #pragma message(".h header is obsolete. Please use the .hpp header instead."[01;36m[K)[m[K
[189.531s]       |                                                                             [01;36m[K^[m[K
[189.534s] In file included from [01m[K/home/darsh/ros2_ws/src/UR3_ROS2_PICK_AND_PLACE/moveit_task_constructor/core/test/pick_pa10.cpp:17[m[K:
[189.534s] [01m[K/opt/ros/jazzy/include/moveit_core/moveit/planning_scene/planning_scene.h:50:77:[m[K [01;36m[Knote: [m[Kâ€˜[01m[K#pragma message: .h header is obsolete. Please use the .hpp header instead.[m[Kâ€™
[189.534s]    50 | #pragma message(".h header is obsolete. Please use the .hpp header instead."[01;36m[K)[m[K
[189.535s]       |                                                                             [01;36m[K^[m[K
[219.064s] [01m[Kc++:[m[K [01;31m[Kfatal error: [m[KKilled signal terminated program cc1plus
[219.068s] compilation terminated.
[219.128s] gmake[2]: *** [test/CMakeFiles/moveit_task_constructor_core-test-cost-terms.dir/build.make:76: test/CMakeFiles/moveit_task_constructor_core-test-cost-terms.dir/test_cost_terms.cpp.o] Error 1
[219.158s] gmake[1]: *** [CMakeFiles/Makefile2:683: test/CMakeFiles/moveit_task_constructor_core-test-cost-terms.dir/all] Error 2
[223.357s] In file included from [01m[K/home/darsh/ros2_ws/src/UR3_ROS2_PICK_AND_PLACE/moveit_task_constructor/core/python/bindings/src/core.cpp:43[m[K:
[223.389s] [01m[K/opt/ros/jazzy/include/moveit_core/moveit/planning_scene/planning_scene.h:50:77:[m[K [01;36m[Knote: [m[Kâ€˜[01m[K#pragma message: .h header is obsolete. Please use the .hpp header instead.[m[Kâ€™
[223.389s]    50 | #pragma message(".h header is obsolete. Please use the .hpp header instead."[01;36m[K)[m[K
[223.389s]       |                                                                             [01;36m[K^[m[K
[230.765s] In file included from [01m[K/home/darsh/ros2_ws/src/UR3_ROS2_PICK_AND_PLACE/moveit_task_constructor/core/python/bindings/src/core.cpp:44[m[K:
[231.291s] [01m[K/opt/ros/jazzy/include/moveit_ros_planning_interface/moveit/planning_scene_interface/planning_scene_interface.h:50:77:[m[K [01;36m[Knote: [m[Kâ€˜[01m[K#pragma message: .h header is obsolete. Please use the .hpp header instead.[m[Kâ€™
[231.321s]    50 | #pragma message(".h header is obsolete. Please use the .hpp header instead."[01;36m[K)[m[K
[231.321s]       |                                                                             [01;36m[K^[m[K
[234.471s] In file included from [01m[K/home/darsh/ros2_ws/src/UR3_ROS2_PICK_AND_PLACE/moveit_task_constructor/core/python/bindings/src/core.cpp:45[m[K:
[235.254s] [01m[K/opt/ros/jazzy/include/moveit_ros_planning_interface/moveit/move_group_interface/move_group_interface.h:51:77:[m[K [01;36m[Knote: [m[Kâ€˜[01m[K#pragma message: .h header is obsolete. Please use the .hpp header instead.[m[Kâ€™
[236.237s]    51 | #pragma message(".h header is obsolete. Please use the .hpp header instead."[01;36m[K)[m[K
[237.018s]       |                                                                             [01;36m[K^[m[K
[264.009s] [01m[Kc++:[m[K [01;31m[Kfatal error: [m[KKilled signal terminated program cc1plus
[264.013s] compilation terminated.
[264.075s] gmake[2]: *** [test/CMakeFiles/moveit_task_constructor_core-test-fallback.dir/build.make:76: test/CMakeFiles/moveit_task_constructor_core-test-fallback.dir/test_fallback.cpp.o] Error 1
[264.121s] gmake[1]: *** [CMakeFiles/Makefile2:714: test/CMakeFiles/moveit_task_constructor_core-test-fallback.dir/all] Error 2
[265.695s] [ 81%] [32m[1mLinking CXX executable moveit_task_constructor_core-test-serial[0m
[266.244s] [ 82%] [32m[1mLinking CXX executable moveit_task_constructor_core-test-pruning[0m
[267.578s] [ 82%] Built target moveit_task_constructor_core-test-pruning
[267.578s] [ 82%] Built target moveit_task_constructor_core-test-serial
[267.851s] [ 83%] [32m[1mLinking CXX executable pick_ur5[0m
[268.775s] [ 83%] Built target pick_ur5
[271.461s] [ 85%] [32m[1mLinking CXX executable pick_pr2[0m
[271.652s] [ 86%] [32m[1mLinking CXX executable moveit_task_constructor_core-test-mockups[0m
[272.323s] [ 86%] Built target pick_pr2
[272.489s] [ 86%] Built target moveit_task_constructor_core-test-mockups
[273.599s] [ 87%] [32m[1mLinking CXX executable pick_pa10[0m
[274.336s] [ 87%] Built target pick_pa10
[285.868s] [ 88%] [32mBuilding CXX object python/bindings/CMakeFiles/pymoveit_mtc.dir/src/module.cpp.o[0m
[290.061s] [ 89%] [32mBuilding CXX object python/bindings/CMakeFiles/pymoveit_mtc.dir/src/stages.cpp.o[0m
[292.838s] In file included from [01m[K/home/darsh/ros2_ws/src/UR3_ROS2_PICK_AND_PLACE/moveit_task_constructor/core/include/moveit/task_constructor/utils.h:47[m[K,
[292.838s]                  from [01m[K/home/darsh/ros2_ws/src/UR3_ROS2_PICK_AND_PLACE/moveit_task_constructor/core/include/moveit/task_constructor/stage.h:43[m[K,
[292.838s]                  from [01m[K/home/darsh/ros2_ws/src/UR3_ROS2_PICK_AND_PLACE/moveit_task_constructor/core/python/bindings/src/core.h:37[m[K,
[292.838s]                  from [01m[K/home/darsh/ros2_ws/src/UR3_ROS2_PICK_AND_PLACE/moveit_task_constructor/core/python/bindings/src/stages.h:37[m[K,
[292.839s]                  from [01m[K/home/darsh/ros2_ws/src/UR3_ROS2_PICK_AND_PLACE/moveit_task_constructor/core/python/bindings/src/stages.cpp:35[m[K:
[292.839s] [01m[K/opt/ros/jazzy/include/moveit_core/moveit/macros/class_forward.h:50:77:[m[K [01;36m[Knote: [m[Kâ€˜[01m[K#pragma message: .h header is obsolete. Please use the .hpp header instead.[m[Kâ€™
[292.839s]    50 | #pragma message(".h header is obsolete. Please use the .hpp header instead."[01;36m[K)[m[K
[292.839s]       |                                                                             [01;36m[K^[m[K
[293.416s] In file included from [01m[K/home/darsh/ros2_ws/src/UR3_ROS2_PICK_AND_PLACE/moveit_task_constructor/core/python/bindings/src/core.h:41[m[K:
[293.416s] [01m[K/opt/ros/jazzy/include/moveit_core/moveit/utils/moveit_error_code.h:48:77:[m[K [01;36m[Knote: [m[Kâ€˜[01m[K#pragma message: .h header is obsolete. Please use the .hpp header instead.[m[Kâ€™
[293.416s]    48 | #pragma message(".h header is obsolete. Please use the .hpp header instead."[01;36m[K)[m[K
[293.416s]       |                                                                             [01;36m[K^[m[K
[296.826s] In file included from [01m[K/home/darsh/ros2_ws/src/UR3_ROS2_PICK_AND_PLACE/moveit_task_constructor/core/include/moveit/task_constructor/stages/fix_collision_objects.h:44[m[K,
[296.826s]                  from [01m[K/home/darsh/ros2_ws/src/UR3_ROS2_PICK_AND_PLACE/moveit_task_constructor/core/include/moveit/task_constructor/stages.h:44[m[K,
[296.826s]                  from [01m[K/home/darsh/ros2_ws/src/UR3_ROS2_PICK_AND_PLACE/moveit_task_constructor/core/python/bindings/src/stages.cpp:37[m[K:
[296.826s] [01m[K/opt/ros/jazzy/include/moveit_core/moveit/collision_detection/collision_common.h:50:77:[m[K [01;36m[Knote: [m[Kâ€˜[01m[K#pragma message: .h header is obsolete. Please use the .hpp header instead.[m[Kâ€™
[296.826s]    50 | #pragma message(".h header is obsolete. Please use the .hpp header instead."[01;36m[K)[m[K
[296.826s]       |                                                                             [01;36m[K^[m[K
[297.477s] In file included from [01m[K/home/darsh/ros2_ws/src/UR3_ROS2_PICK_AND_PLACE/moveit_task_constructor/core/python/bindings/src/stages.cpp:40[m[K:
[297.477s] [01m[K/opt/ros/jazzy/include/moveit_core/moveit/planning_scene/planning_scene.h:50:77:[m[K [01;36m[Knote: [m[Kâ€˜[01m[K#pragma message: .h header is obsolete. Please use the .hpp header instead.[m[Kâ€™
[297.477s]    50 | #pragma message(".h header is obsolete. Please use the .hpp header instead."[01;36m[K)[m[K
[297.477s]       |                                                                             [01;36m[K^[m[K
[311.827s] [ 90%] [32m[1mLinking CXX shared module pymoveit_mtc.cpython-312-x86_64-linux-gnu.so[0m
[314.460s] [01m[Klto-wrapper:[m[K [01;35m[Kwarning: [m[Kusing serial compilation of 12 LTRANS jobs
[314.460s] [01m[Klto-wrapper:[m[K [01;36m[Knote: [m[Ksee the ]8;;https://gcc.gnu.org/onlinedocs/gcc/Optimize-Options.html#index-fltoâ€˜[01m[K-flto[m[Kâ€™ option documentation]8;; for more information
[332.047s] [ 90%] Built target pymoveit_mtc
[332.064s] gmake: *** [Makefile:146: all] Error 2
[332.256s] Invoked command in '/home/darsh/ros2_ws/src/UR3_ROS2_PICK_AND_PLACE/build/moveit_task_constructor_core' returned '2': AMENT_PREFIX_PATH=/home/darsh/ros2_ws/src/UR3_ROS2_PICK_AND_PLACE/install/rviz_marker_tools:/home/darsh/ros2_ws/src/UR3_ROS2_PICK_AND_PLACE/install/moveit_task_constructor_msgs:${AMENT_PREFIX_PATH} CMAKE_PREFIX_PATH=/home/darsh/ros2_ws/src/UR3_ROS2_PICK_AND_PLACE/install/rviz_marker_tools:/home/darsh/ros2_ws/src/UR3_ROS2_PICK_AND_PLACE/install/moveit_task_constructor_msgs:/opt/ros/jazzy/opt/gz_sim_vendor:/opt/ros/jazzy/opt/gz_sensors_vendor:/opt/ros/jazzy/opt/gz_physics_vendor:/opt/ros/jazzy/opt/sdformat_vendor:/opt/ros/jazzy/opt/gz_gui_vendor:/opt/ros/jazzy/opt/gz_transport_vendor:/opt/ros/jazzy/opt/gz_rendering_vendor:/opt/ros/jazzy/opt/gz_plugin_vendor:/opt/ros/jazzy/opt/gz_fuel_tools_vendor:/opt/ros/jazzy/opt/gz_msgs_vendor:/opt/ros/jazzy/opt/gz_common_vendor:/opt/ros/jazzy/opt/gz_tools_vendor:/opt/ros/jazzy/opt/gz_ogre_next_vendor:/opt/ros/jazzy/opt/gz_dartsim_vendor:/opt/ros/jazzy/opt/gz_math_vendor:/opt/ros/jazzy/opt/gz_utils_vendor:/opt/ros/jazzy/opt/gz_cmake_vendor:/opt/ros/jazzy LD_LIBRARY_PATH=/home/darsh/ros2_ws/src/UR3_ROS2_PICK_AND_PLACE/install/rviz_marker_tools/lib:/home/darsh/ros2_ws/src/UR3_ROS2_PICK_AND_PLACE/install/moveit_task_constructor_msgs/lib:${LD_LIBRARY_PATH} PYTHONPATH=/home/darsh/ros2_ws/src/UR3_ROS2_PICK_AND_PLACE/install/moveit_task_constructor_msgs/lib/python3.12/site-packages:${PYTHONPATH} /usr/bin/cmake --build /home/darsh/ros2_ws/src/UR3_ROS2_PICK_AND_PLACE/build/moveit_task_constructor_core -- -j16 -l16
