-- The C compiler identification is GNU 13.3.0
-- The CXX compiler identification is GNU 13.3.0
-- Detecting C compiler ABI info
-- Detecting C compiler ABI info - done
-- Check for working C compiler: /usr/bin/cc - skipped
-- Detecting C compile features
-- Detecting C compile features - done
-- Detecting CXX compiler ABI info
-- Detecting CXX compiler ABI info - done
-- Check for working CXX compiler: /usr/bin/c++ - skipped
-- Detecting CXX compile features
-- Detecting CXX compile features - done
-- Found ament_cmake: 2.5.3 (/opt/ros/jazzy/share/ament_cmake/cmake)
-- Found Python3: /usr/bin/python3 (found version "3.12.3") found components: Interpreter 
-- Found Boost: /usr/lib/x86_64-linux-gnu/cmake/Boost-1.83.0/BoostConfig.cmake (found version "1.83.0")  
-- Found geometry_msgs: 5.3.5 (/opt/ros/jazzy/share/geometry_msgs/cmake)
-- Found rosidl_generator_c: 4.6.5 (/opt/ros/jazzy/share/rosidl_generator_c/cmake)
-- Found rosidl_generator_cpp: 4.6.5 (/opt/ros/jazzy/share/rosidl_generator_cpp/cmake)
-- Using all available rosidl_typesupport_c: rosidl_typesupport_fastrtps_c;rosidl_typesupport_introspection_c
-- Using all available rosidl_typesupport_cpp: rosidl_typesupport_fastrtps_cpp;rosidl_typesupport_introspection_cpp
-- Found moveit_common: 2.12.2 (/opt/ros/jazzy/share/moveit_common/cmake)
[0mmoveit_task_constructor_core: You did not request a specific build type: Choosing 'Release' for maximum performance[0m
-- Found moveit_core: 2.12.2 (/opt/ros/jazzy/share/moveit_core/cmake)
-- Found Boost: /usr/lib/x86_64-linux-gnu/cmake/Boost-1.83.0/BoostConfig.cmake (found version "1.83.0") found components: chrono date_time filesystem iostreams program_options regex serialization system thread 
-- Found parameter_traits: 0.4.0 (/opt/ros/jazzy/share/parameter_traits/cmake)
-- Found rmw_implementation_cmake: 7.3.1 (/opt/ros/jazzy/share/rmw_implementation_cmake/cmake)
-- Found rmw_fastrtps_cpp: 8.4.1 (/opt/ros/jazzy/share/rmw_fastrtps_cpp/cmake)
-- Found OpenSSL: /usr/lib/x86_64-linux-gnu/libcrypto.so (found version "3.0.13")  
-- Found FastRTPS: /opt/ros/jazzy/include (Required is at least version "2.13") 
-- Using RMW implementation 'rmw_fastrtps_cpp' as default
-- Found rclcpp_lifecycle: 28.1.6 (/opt/ros/jazzy/share/rclcpp_lifecycle/cmake)
-- Found Boost: /usr/lib/x86_64-linux-gnu/cmake/Boost-1.83.0/BoostConfig.cmake (found version "1.83.0") found components: filesystem 
-- Found Eigen3: TRUE (found version "3.4.0") 
-- Ensuring Eigen3 include directory is part of orocos-kdl CMake target
-- Found moveit_ros_planning: 2.12.2 (/opt/ros/jazzy/share/moveit_ros_planning/cmake)
-- Found Boost: /usr/lib/x86_64-linux-gnu/cmake/Boost-1.83.0/BoostConfig.cmake (found version "1.83.0") found components: system filesystem date_time program_options thread chrono 
-- Found moveit_ros_planning_interface: 2.12.2 (/opt/ros/jazzy/share/moveit_ros_planning_interface/cmake)
-- Found Boost: /usr/lib/x86_64-linux-gnu/cmake/Boost-1.83.0/BoostConfig.cmake (found version "1.83.0") found components: date_time filesystem program_options system thread 
-- Found Boost: /usr/lib/x86_64-linux-gnu/cmake/Boost-1.83.0/BoostConfig.cmake (found version "1.83.0") found components: thread system filesystem regex date_time program_options 
-- Found Boost: /usr/lib/x86_64-linux-gnu/cmake/Boost-1.83.0/BoostConfig.cmake (found version "1.83.0") found components: system filesystem date_time program_options thread 
-- Found moveit_task_constructor_msgs: 0.1.3 (/home/darsh/UR3_ROS2_PICK_AND_PLACE_random_name/install/moveit_task_constructor_msgs/share/moveit_task_constructor_msgs/cmake)
-- Found py_binding_tools: 2.0.1 (/opt/ros/jazzy/share/py_binding_tools/cmake)
-- Found rviz_marker_tools: 0.1.3 (/home/darsh/UR3_ROS2_PICK_AND_PLACE_random_name/install/rviz_marker_tools/share/rviz_marker_tools/cmake)
-- Found Python3: /usr/bin/python3 (found version "3.12.3") found components: Interpreter Development Development.Module Development.Embed 
-- pybind11 v2.13.0 dev1
-- Found PythonInterp: /usr/bin/python3 (found suitable version "3.12.3", minimum required is "3.6") 
-- Found PythonLibs: /usr/lib/x86_64-linux-gnu/libpython3.12.so
-- Performing Test HAS_FLTO
-- Performing Test HAS_FLTO - Success
-- Found ament_cmake_pytest: 2.5.3 (/opt/ros/jazzy/share/ament_cmake_pytest/cmake)
-- Found launch_testing_ament_cmake: 3.4.3 (/opt/ros/jazzy/share/launch_testing_ament_cmake/cmake)
-- Found python_cmake_module: 0.11.1 (/opt/ros/jazzy/share/python_cmake_module/cmake)
-- Found Python3: /usr/bin/python3 (found version "3.12.3") found components: Interpreter 
-- Found PythonExtra: /usr/bin/python3  
-- Found ament_cmake_gtest: 2.5.3 (/opt/ros/jazzy/share/ament_cmake_gtest/cmake)
-- Found ament_cmake_gmock: 2.5.3 (/opt/ros/jazzy/share/ament_cmake_gmock/cmake)
-- Found launch_testing_ament_cmake: 3.4.3 (/opt/ros/jazzy/share/launch_testing_ament_cmake/cmake)
-- Found python_cmake_module: 0.11.1 (/opt/ros/jazzy/share/python_cmake_module/cmake)
-- Found gmock sources under '/opt/ros/jazzy/src/gmock_vendor': C++ tests using 'Google Mock' will be built
-- Found gtest sources under '/opt/ros/jazzy/src/gtest_vendor': C++ tests using 'Google Test' will be built
-- Found Threads: TRUE  
-- Configuring done (17.2s)
-- Generating done (1.0s)
-- Build files have been written to: /home/darsh/UR3_ROS2_PICK_AND_PLACE_random_name/build/moveit_task_constructor_core
[  0%] Built target ament_cmake_python_copy_moveit
[  1%] [32mBuilding CXX object gmock/CMakeFiles/gmock.dir/opt/ros/jazzy/src/gtest_vendor/src/gtest-all.cc.o[0m
[  2%] [32mBuilding CXX object gmock/CMakeFiles/gmock.dir/src/gmock-all.cc.o[0m
[  3%] [32m[1mLinking CXX static library libgmock.a[0m
[  3%] Built target gmock
[  4%] [32mBuilding CXX object gmock/CMakeFiles/gmock_main.dir/src/gmock_main.cc.o[0m
[  5%] [32m[1mLinking CXX static library libgmock_main.a[0m
[  5%] Built target gmock_main
[  6%] [32mBuilding CXX object gtest/CMakeFiles/gtest.dir/src/gtest-all.cc.o[0m
[  8%] [32m[1mLinking CXX static library libgtest.a[0m
[  8%] Built target gtest
running egg_info
creating moveit.egg-info
writing moveit.egg-info/PKG-INFO
writing dependency_links to moveit.egg-info/dependency_links.txt
writing top-level names to moveit.egg-info/top_level.txt
writing manifest file 'moveit.egg-info/SOURCES.txt'
reading manifest file 'moveit.egg-info/SOURCES.txt'
writing manifest file 'moveit.egg-info/SOURCES.txt'
[  8%] Built target ament_cmake_python_build_moveit_egg
[  9%] [32mBuilding CXX object gtest/CMakeFiles/gtest_main.dir/src/gtest_main.cc.o[0m
[ 10%] [32m[1mLinking CXX static library libgtest_main.a[0m
[ 10%] Built target gtest_main
[ 11%] [32mBuilding CXX object src/CMakeFiles/moveit_task_constructor_core.dir/container.cpp.o[0m
[ 12%] [32mBuilding CXX object src/CMakeFiles/moveit_task_constructor_core.dir/marker_tools.cpp.o[0m
[ 13%] [32mBuilding CXX object src/CMakeFiles/moveit_task_constructor_core.dir/merge.cpp.o[0m
[ 14%] [32mBuilding CXX object src/CMakeFiles/moveit_task_constructor_core.dir/properties.cpp.o[0m
[ 16%] [32mBuilding CXX object src/CMakeFiles/moveit_task_constructor_core.dir/stage.cpp.o[0m
[ 17%] [32mBuilding CXX object src/CMakeFiles/moveit_task_constructor_core.dir/storage.cpp.o[0m
[ 18%] [32mBuilding CXX object src/CMakeFiles/moveit_task_constructor_core.dir/introspection.cpp.o[0m
[ 19%] [32mBuilding CXX object src/CMakeFiles/moveit_task_constructor_core.dir/cost_terms.cpp.o[0m
[01m[K/home/darsh/UR3_ROS2_PICK_AND_PLACE_random_name/src/moveit_task_constructor/core/src/storage.cpp:[m[K In member function â€˜[01m[Kvirtual void moveit::task_constructor::SubTrajectory::[01;32m[KappendTo[m[K(moveit_task_constructor_msgs::msg::Solution&, moveit::task_constructor::Introspection*) const[m[Kâ€™:
[01m[K/home/darsh/UR3_ROS2_PICK_AND_PLACE_random_name/src/moveit_task_constructor/core/src/storage.cpp:240:9:[m[K [01;35m[Kwarning: [m[Kthis â€˜[01m[Kif[m[Kâ€™ clause does not guard... [[01;35m[K]8;;https://gcc.gnu.org/onlinedocs/gcc/Warning-Options.html#index-Wmisleading-indentation-Wmisleading-indentation]8;;[m[K]
  240 |         [01;35m[Kif[m[K (trajectory())
      |         [01;35m[K^~[m[K
[01m[K/home/darsh/UR3_ROS2_PICK_AND_PLACE_random_name/src/moveit_task_constructor/core/src/storage.cpp:244:17:[m[K [01;36m[Knote: [m[K...this statement, but the latter is misleadingly indented as if it were guarded by the â€˜[01m[Kif[m[Kâ€™
  244 |                 [01;36m[Kthis[m[K->end()->scene()->getPlanningSceneMsg(t.scene_diff);
      |                 [01;36m[K^~~~[m[K
[ 20%] [32mBuilding CXX object src/CMakeFiles/moveit_task_constructor_core.dir/task.cpp.o[0m
[ 21%] [32mBuilding CXX object src/CMakeFiles/moveit_task_constructor_core.dir/utils.cpp.o[0m
[ 22%] [32mBuilding CXX object src/CMakeFiles/moveit_task_constructor_core.dir/solvers/planner_interface.cpp.o[0m
[ 24%] [32mBuilding CXX object src/CMakeFiles/moveit_task_constructor_core.dir/solvers/pipeline_planner.cpp.o[0m
[ 26%] [32mBuilding CXX object src/CMakeFiles/moveit_task_constructor_core.dir/solvers/joint_interpolation.cpp.o[0m
[ 26%] [32mBuilding CXX object src/CMakeFiles/moveit_task_constructor_core.dir/solvers/multi_planner.cpp.o[0m
[ 27%] [32mBuilding CXX object src/CMakeFiles/moveit_task_constructor_core.dir/solvers/cartesian_path.cpp.o[0m
[01m[K/home/darsh/UR3_ROS2_PICK_AND_PLACE_random_name/src/moveit_task_constructor/core/src/solvers/cartesian_path.cpp:[m[K In member function â€˜[01m[Kvirtual moveit::task_constructor::solvers::PlannerInterface::Result moveit::task_constructor::solvers::CartesianPath::[01;32m[Kplan[m[K(const planning_scene::PlanningSceneConstPtr&, const moveit::core::LinkModel&, const Eigen::Isometry3d&, const Eigen::Isometry3d&, const moveit::core::JointModelGroup*, double, robot_trajectory::RobotTrajectoryPtr&, const moveit_msgs::msg::Constraints&)[m[Kâ€™:
[01m[K/home/darsh/UR3_ROS2_PICK_AND_PLACE_random_name/src/moveit_task_constructor/core/src/solvers/cartesian_path.cpp:123:80:[m[K [01;35m[Kwarning: [m[Kâ€˜[01m[Kmoveit::core::JumpThreshold::[01;32m[KJumpThreshold[m[K(double)[m[Kâ€™ is deprecated: Use JumpThreshold::relative() instead. [[01;35m[K]8;;https://gcc.gnu.org/onlinedocs/gcc/Warning-Options.html#index-Wdeprecated-declarations-Wdeprecated-declarations]8;;[m[K]
  123 |                 moveit::core::JumpThreshold(props.get<double>("jump_threshold")[01;35m[K)[m[K, is_valid,
      |                                                                                [01;35m[K^[m[K
In file included from [01m[K/home/darsh/UR3_ROS2_PICK_AND_PLACE_random_name/src/moveit_task_constructor/core/src/solvers/cartesian_path.cpp:44[m[K:
[01m[K/opt/ros/jazzy/include/moveit_core/moveit/robot_state/cartesian_interpolator.hpp:82:60:[m[K [01;36m[Knote: [m[Kdeclared here
   82 |   [[deprecated("Use JumpThreshold::relative() instead.")]] [01;36m[KJumpThreshold[m[K(double relative_factor);
      |                                                            [01;36m[K^~~~~~~~~~~~~[m[K
[01m[K/home/darsh/UR3_ROS2_PICK_AND_PLACE_random_name/src/moveit_task_constructor/core/src/solvers/cartesian_path.cpp:120:93:[m[K [01;35m[Kwarning: [m[Kâ€˜[01m[Kstatic moveit::core::CartesianInterpolator::Percentage moveit::core::CartesianInterpolator::[01;32m[KcomputeCartesianPath[m[K(moveit::core::RobotState*, const moveit::core::JointModelGroup*, std::vector<std::shared_ptr<moveit::core::RobotState> >&, const moveit::core::LinkModel*, const Eigen::Isometry3d&, bool, const moveit::core::MaxEEFStep&, const moveit::core::JumpThreshold&, const moveit::core::GroupStateValidityCallbackFn&, const kinematics::KinematicsQueryOptions&, const kinematics::KinematicsBase::IKCostFn&, const Eigen::Isometry3d&)[m[Kâ€™ is deprecated: Replace JumpThreshold with CartesianPrecision [[01;35m[K]8;;https://gcc.gnu.org/onlinedocs/gcc/Warning-Options.html#index-Wdeprecated-declarations-Wdeprecated-declarations]8;;[m[K]
  120 |         double achieved_fraction = [01;35m[Kmoveit::core::CartesianInterpolator::computeCartesianPath([m[K
      |                                    [01;35m[K~~~~~~~~~~~~~~~~~~~~~~~~~~~~~~~~~~~~~~~~~~~~~~~~~~~~~~~~~^[m[K
  121 | [01;35m[K            &(sandbox_scene->getCurrentStateNonConst()), jmg, trajectory, &link, target, true,[m[K
      |             [01;35m[K~~~~~~~~~~~~~~~~~~~~~~~~~~~~~~~~~~~~~~~~~~~~~~~~~~~~~~~~~~~~~~~~~~~~~~~~~~~~~~~~~~[m[K
  122 | [01;35m[K            moveit::core::MaxEEFStep(props.get<double>("step_size")),[m[K
      |             [01;35m[K~~~~~~~~~~~~~~~~~~~~~~~~~~~~~~~~~~~~~~~~~~~~~~~~~~~~~~~~~[m[K                        
  123 | [01;35m[K                moveit::core::JumpThreshold(props.get<double>("jump_threshold")), is_valid,[m[K
      |                 [01;35m[K~~~~~~~~~~~~~~~~~~~~~~~~~~~~~~~~~~~~~~~~~~~~~~~~~~~~~~~~~~~~~~~~~~~~~~~~~~~[m[K  
  124 | [01;35m[K            props.get<kinematics::KinematicsQueryOptions>("kinematics_options"),[m[K
      |             [01;35m[K~~~~~~~~~~~~~~~~~~~~~~~~~~~~~~~~~~~~~~~~~~~~~~~~~~~~~~~~~~~~~~~~~~~~[m[K             
  125 | [01;35m[K            props.get<kinematics::KinematicsBase::IKCostFn>("kinematics_cost_fn"), offset)[m[K;
      |             [01;35m[K~~~~~~~~~~~~~~~~~~~~~~~~~~~~~~~~~~~~~~~~~~~~~~~~~~~~~~~~~~~~~~~~~~~~~~~~~~~~~~[m[K   
[01m[K/opt/ros/jazzy/include/moveit_core/moveit/robot_state/cartesian_interpolator.hpp:284:85:[m[K [01;36m[Knote: [m[Kdeclared here
  284 |   [[deprecated("Replace JumpThreshold with CartesianPrecision")]] static Percentage [01;36m[KcomputeCartesianPath[m[K(
      |                                                                                     [01;36m[K^~~~~~~~~~~~~~~~~~~~[m[K
[ 28%] [32m[1mLinking CXX shared library libmoveit_task_constructor_core.so[0m
[ 28%] Built target moveit_task_constructor_core
[ 29%] [32mBuilding CXX object test/CMakeFiles/gtest_utils.dir/models.cpp.o[0m
[ 31%] [32mBuilding CXX object test/CMakeFiles/gtest_utils.dir/gtest_value_printers.cpp.o[0m
[ 32%] [32mBuilding CXX object src/stages/CMakeFiles/moveit_task_constructor_core_stages.dir/modify_planning_scene.cpp.o[0m
[ 33%] [32mBuilding CXX object test/CMakeFiles/gtest_utils.dir/stage_mockups.cpp.o[0m
[ 34%] [32mBuilding CXX object src/stages/CMakeFiles/moveit_task_constructor_core_stages.dir/current_state.cpp.o[0m
[ 35%] [32m[1mLinking CXX shared library libgtest_utils.so[0m
[ 35%] Built target gtest_utils
[ 36%] [32mBuilding CXX object src/stages/CMakeFiles/moveit_task_constructor_core_stages.dir/fixed_cartesian_poses.cpp.o[0m
[ 37%] [32mBuilding CXX object src/stages/CMakeFiles/moveit_task_constructor_core_stages.dir/generate_pose.cpp.o[0m
[ 39%] [32mBuilding CXX object src/stages/CMakeFiles/moveit_task_constructor_core_stages.dir/generate_random_pose.cpp.o[0m
[ 40%] [32mBuilding CXX object src/stages/CMakeFiles/moveit_task_constructor_core_stages.dir/fixed_state.cpp.o[0m
[ 41%] [32mBuilding CXX object src/stages/CMakeFiles/moveit_task_constructor_core_stages.dir/fix_collision_objects.cpp.o[0m
[ 42%] [32mBuilding CXX object src/stages/CMakeFiles/moveit_task_constructor_core_stages.dir/compute_ik.cpp.o[0m
[ 43%] [32mBuilding CXX object src/stages/CMakeFiles/moveit_task_constructor_core_stages.dir/passthrough.cpp.o[0m
[ 44%] [32mBuilding CXX object src/stages/CMakeFiles/moveit_task_constructor_core_stages.dir/predicate_filter.cpp.o[0m
[ 45%] [32mBuilding CXX object src/stages/CMakeFiles/moveit_task_constructor_core_stages.dir/connect.cpp.o[0m
[ 47%] [32mBuilding CXX object src/stages/CMakeFiles/moveit_task_constructor_core_stages.dir/move_to.cpp.o[0m
[ 48%] [32mBuilding CXX object src/stages/CMakeFiles/moveit_task_constructor_core_stages.dir/move_relative.cpp.o[0m
[ 49%] [32mBuilding CXX object src/stages/CMakeFiles/moveit_task_constructor_core_stages.dir/simple_grasp.cpp.o[0m
[ 50%] [32mBuilding CXX object src/stages/CMakeFiles/moveit_task_constructor_core_stages.dir/pick.cpp.o[0m
gmake[1]: *** [CMakeFiles/Makefile2:390: src/stages/CMakeFiles/moveit_task_constructor_core_stages.dir/all] Killed
gmake: *** [Makefile:146: all] Error 2
gmake: INTERNAL: Exiting with 2 jobserver tokens available; should be 4!
