[0.000000] (-) TimerEvent: {}
[0.001247] (-) JobUnselected: {'identifier': 'moveit_config'}
[0.001339] (-) JobUnselected: {'identifier': 'moveit_task_constructor_capabilities'}
[0.001393] (-) JobUnselected: {'identifier': 'moveit_task_constructor_core'}
[0.001415] (-) JobUnselected: {'identifier': 'moveit_task_constructor_demo'}
[0.001431] (-) JobUnselected: {'identifier': 'moveit_task_constructor_msgs'}
[0.001480] (-) JobUnselected: {'identifier': 'moveit_task_constructor_visualization'}
[0.001528] (-) JobUnselected: {'identifier': 'robotiq_2f_85_gripper_visualization'}
[0.001547] (-) JobUnselected: {'identifier': 'rviz_marker_tools'}
[0.001562] (-) JobUnselected: {'identifier': 'ur_description'}
[0.001609] (-) JobUnselected: {'identifier': 'ur_gazebo'}
[0.001657] (-) JobUnselected: {'identifier': 'ur_interfaces'}
[0.001676] (-) JobUnselected: {'identifier': 'ur_moveit_demos'}
[0.001690] (-) JobUnselected: {'identifier': 'ur_mtc_demos'}
[0.001738] (-) JobUnselected: {'identifier': 'ur_mtc_pick_place_demo'}
[0.001785] (-) JobUnselected: {'identifier': 'warehouse_ros_mongo'}
[0.001806] (ur_system_tests) JobQueued: {'identifier': 'ur_system_tests', 'dependencies': OrderedDict({'moveit_task_constructor_msgs': '/home/darsh/UR3_ROS2_PICK_AND_PLACE/install/moveit_task_constructor_msgs', 'rviz_marker_tools': '/home/darsh/UR3_ROS2_PICK_AND_PLACE/install/rviz_marker_tools', 'ur_interfaces': '/home/darsh/UR3_ROS2_PICK_AND_PLACE/install/ur_interfaces', 'moveit_task_constructor_core': '/home/darsh/UR3_ROS2_PICK_AND_PLACE/install/moveit_task_constructor_core'})}
[0.001873] (ur_system_tests) JobStarted: {'identifier': 'ur_system_tests'}
[0.099940] (-) TimerEvent: {}
[0.200231] (-) TimerEvent: {}
[0.300628] (-) TimerEvent: {}
[0.401189] (-) TimerEvent: {}
[0.501608] (-) TimerEvent: {}
[0.544170] (ur_system_tests) JobProgress: {'identifier': 'ur_system_tests', 'progress': 'cmake'}
[0.546298] (ur_system_tests) JobProgress: {'identifier': 'ur_system_tests', 'progress': 'build'}
[0.546499] (ur_system_tests) Command: {'cmd': ['/usr/bin/cmake', '--build', '/home/darsh/UR3_ROS2_PICK_AND_PLACE/build/ur_system_tests', '--', '-j4', '-l4'], 'cwd': '/home/darsh/UR3_ROS2_PICK_AND_PLACE/build/ur_system_tests', 'env': OrderedDict({'LESSOPEN': '| /usr/bin/lesspipe %s', 'USER': 'darsh', 'GZ_CONFIG_PATH': '/opt/ros/jazzy/opt/gz_sim_vendor/share/gz:/opt/ros/jazzy/opt/sdformat_vendor/share/gz:/opt/ros/jazzy/opt/gz_gui_vendor/share/gz:/opt/ros/jazzy/opt/gz_transport_vendor/share/gz:/opt/ros/jazzy/opt/gz_rendering_vendor/share/gz:/opt/ros/jazzy/opt/gz_plugin_vendor/share/gz:/opt/ros/jazzy/opt/gz_fuel_tools_vendor/share/gz:/opt/ros/jazzy/opt/gz_msgs_vendor/share/gz:/opt/ros/jazzy/opt/gz_common_vendor/share/gz', 'GIT_ASKPASS': '/home/darsh/.vscode-server/bin/ddc367ed5c8936efe395cffeec279b04ffd7db78/extensions/git/dist/askpass.sh', 'SHLVL': '1', 'LD_LIBRARY_PATH': '/home/darsh/UR3_ROS2_PICK_AND_PLACE/install/moveit_task_constructor_core/lib:/home/darsh/UR3_ROS2_PICK_AND_PLACE/install/ur_interfaces/lib:/home/darsh/UR3_ROS2_PICK_AND_PLACE/install/rviz_marker_tools/lib:/home/darsh/UR3_ROS2_PICK_AND_PLACE/install/moveit_task_constructor_msgs/lib:/home/darsh/UR3_ROS2_PICK_AND_PLACE/install/warehouse_ros_mongo/lib:/home/darsh/UR3_ROS2_PICK_AND_PLACE/install/ur_mtc_pick_place_demo/lib:/home/darsh/UR3_ROS2_PICK_AND_PLACE/install/moveit_task_constructor_visualization/lib:/home/darsh/UR3_ROS2_PICK_AND_PLACE/install/moveit_task_constructor_demo/lib:/home/darsh/UR3_ROS2_PICK_AND_PLACE/install/moveit_task_constructor_capabilities/lib:/opt/ros/jazzy/opt/gz_sim_vendor/lib:/opt/ros/jazzy/opt/gz_sensors_vendor/lib:/opt/ros/jazzy/opt/gz_physics_vendor/lib:/opt/ros/jazzy/opt/sdformat_vendor/lib:/opt/ros/jazzy/opt/rviz_ogre_vendor/lib:/opt/ros/jazzy/lib/x86_64-linux-gnu:/opt/ros/jazzy/opt/gz_gui_vendor/lib:/opt/ros/jazzy/opt/gz_transport_vendor/lib:/opt/ros/jazzy/opt/gz_rendering_vendor/lib:/opt/ros/jazzy/opt/gz_plugin_vendor/lib:/opt/ros/jazzy/opt/gz_fuel_tools_vendor/lib:/opt/ros/jazzy/opt/gz_msgs_vendor/lib:/opt/ros/jazzy/opt/gz_common_vendor/lib:/opt/ros/jazzy/opt/gz_math_vendor/lib:/opt/ros/jazzy/opt/gz_utils_vendor/lib:/opt/ros/jazzy/opt/gz_tools_vendor/lib:/opt/ros/jazzy/opt/gz_ogre_next_vendor/lib:/opt/ros/jazzy/opt/gz_dartsim_vendor/lib:/opt/ros/jazzy/opt/gz_cmake_vendor/lib:/opt/ros/jazzy/lib', 'HOME': '/home/darsh', 'OLDPWD': '/home/darsh/UR3_ROS2_PICK_AND_PLACE', 'TERM_PROGRAM_VERSION': '1.98.2', 'VSCODE_IPC_HOOK_CLI': '/run/user/1000/vscode-ipc-9b91776d-a637-4a20-9337-e17d9303e54c.sock', 'ROS_PYTHON_VERSION': '3', 'VSCODE_GIT_ASKPASS_MAIN': '/home/darsh/.vscode-server/bin/ddc367ed5c8936efe395cffeec279b04ffd7db78/extensions/git/dist/askpass-main.js', 'VSCODE_GIT_ASKPASS_NODE': '/home/darsh/.vscode-server/bin/ddc367ed5c8936efe395cffeec279b04ffd7db78/node', 'DBUS_SESSION_BUS_ADDRESS': 'unix:path=/run/user/1000/bus', 'COLORTERM': 'truecolor', 'WSL_DISTRO_NAME': 'Ubuntu-24.04', 'WAYLAND_DISPLAY': 'wayland-0', 'COLCON_PREFIX_PATH': '/home/darsh/UR3_ROS2_PICK_AND_PLACE/install', 'ROS_DISTRO': 'jazzy', 'LOGNAME': 'darsh', 'NAME': 'LAPTOP-9C42ONBH', 'WSL_INTEROP': '/run/WSL/401091_interop', 'PULSE_SERVER': 'unix:/mnt/wslg/PulseServer', '_': '/usr/bin/colcon', 'ROS_VERSION': '2', 'TERM': 'xterm-256color', 'PATH': '/home/darsh/.vscode-server/bin/ddc367ed5c8936efe395cffeec279b04ffd7db78/bin/remote-cli:/opt/ros/jazzy/opt/gz_msgs_vendor/bin:/opt/ros/jazzy/opt/gz_tools_vendor/bin:/opt/ros/jazzy/opt/gz_ogre_next_vendor/bin:/opt/ros/jazzy/bin:/usr/local/sbin:/usr/local/bin:/usr/sbin:/usr/bin:/sbin:/bin:/usr/games:/usr/local/games:/usr/lib/wsl/lib:/mnt/c/Windows/system32:/mnt/c/Windows:/mnt/c/Windows/System32/Wbem:/mnt/c/Windows/System32/WindowsPowerShell/v1.0/:/mnt/c/Windows/System32/OpenSSH/:/mnt/c/Program Files (x86)/NVIDIA Corporation/PhysX/Common:/mnt/c/Program Files/NVIDIA Corporation/NVIDIA NvDLISR:/mnt/c/WINDOWS/system32:/mnt/c/WINDOWS:/mnt/c/WINDOWS/System32/Wbem:/mnt/c/WINDOWS/System32/WindowsPowerShell/v1.0/:/mnt/c/WINDOWS/System32/OpenSSH/:/mnt/c/Program Files/dotnet/:/mnt/c/Program Files/nodejs/:/mnt/c/ProgramData/chocolatey/bin:/mnt/c/Program Files/Git/cmd:/mnt/c/Users/Asus/AppData/Local/Microsoft/WindowsApps:/mnt/c/Users/Asus/AppData/Local/Programs/Microsoft VS Code/bin:/mnt/c/Users/Asus/AppData/Local/Microsoft/WinGet/Packages/Doppler.doppler_Microsoft.Winget.Source_8wekyb3d8bbwe:/mnt/c/Users/Asus/AppData/Local/GitHubDesktop/bin:/mnt/c/Users/Asus/AppData/Roaming/npm:/snap/bin', 'XDG_RUNTIME_DIR': '/run/user/1000/', 'DISPLAY': ':0', 'LANG': 'C.UTF-8', 'LS_COLORS': 'rs=0:di=01;34:ln=01;36:mh=00:pi=40;33:so=01;35:do=01;35:bd=40;33;01:cd=40;33;01:or=40;31;01:mi=00:su=37;41:sg=30;43:ca=00:tw=30;42:ow=34;42:st=37;44:ex=01;32:*.tar=01;31:*.tgz=01;31:*.arc=01;31:*.arj=01;31:*.taz=01;31:*.lha=01;31:*.lz4=01;31:*.lzh=01;31:*.lzma=01;31:*.tlz=01;31:*.txz=01;31:*.tzo=01;31:*.t7z=01;31:*.zip=01;31:*.z=01;31:*.dz=01;31:*.gz=01;31:*.lrz=01;31:*.lz=01;31:*.lzo=01;31:*.xz=01;31:*.zst=01;31:*.tzst=01;31:*.bz2=01;31:*.bz=01;31:*.tbz=01;31:*.tbz2=01;31:*.tz=01;31:*.deb=01;31:*.rpm=01;31:*.jar=01;31:*.war=01;31:*.ear=01;31:*.sar=01;31:*.rar=01;31:*.alz=01;31:*.ace=01;31:*.zoo=01;31:*.cpio=01;31:*.7z=01;31:*.rz=01;31:*.cab=01;31:*.wim=01;31:*.swm=01;31:*.dwm=01;31:*.esd=01;31:*.avif=01;35:*.jpg=01;35:*.jpeg=01;35:*.mjpg=01;35:*.mjpeg=01;35:*.gif=01;35:*.bmp=01;35:*.pbm=01;35:*.pgm=01;35:*.ppm=01;35:*.tga=01;35:*.xbm=01;35:*.xpm=01;35:*.tif=01;35:*.tiff=01;35:*.png=01;35:*.svg=01;35:*.svgz=01;35:*.mng=01;35:*.pcx=01;35:*.mov=01;35:*.mpg=01;35:*.mpeg=01;35:*.m2v=01;35:*.mkv=01;35:*.webm=01;35:*.webp=01;35:*.ogm=01;35:*.mp4=01;35:*.m4v=01;35:*.mp4v=01;35:*.vob=01;35:*.qt=01;35:*.nuv=01;35:*.wmv=01;35:*.asf=01;35:*.rm=01;35:*.rmvb=01;35:*.flc=01;35:*.avi=01;35:*.fli=01;35:*.flv=01;35:*.gl=01;35:*.dl=01;35:*.xcf=01;35:*.xwd=01;35:*.yuv=01;35:*.cgm=01;35:*.emf=01;35:*.ogv=01;35:*.ogx=01;35:*.aac=00;36:*.au=00;36:*.flac=00;36:*.m4a=00;36:*.mid=00;36:*.midi=00;36:*.mka=00;36:*.mp3=00;36:*.mpc=00;36:*.ogg=00;36:*.ra=00;36:*.wav=00;36:*.oga=00;36:*.opus=00;36:*.spx=00;36:*.xspf=00;36:*~=00;90:*#=00;90:*.bak=00;90:*.crdownload=00;90:*.dpkg-dist=00;90:*.dpkg-new=00;90:*.dpkg-old=00;90:*.dpkg-tmp=00;90:*.old=00;90:*.orig=00;90:*.part=00;90:*.rej=00;90:*.rpmnew=00;90:*.rpmorig=00;90:*.rpmsave=00;90:*.swp=00;90:*.tmp=00;90:*.ucf-dist=00;90:*.ucf-new=00;90:*.ucf-old=00;90:', 'VSCODE_GIT_IPC_HANDLE': '/run/user/1000/vscode-git-ec8466887b.sock', 'TERM_PROGRAM': 'vscode', 'ROS_DOMAIN_ID': '0', 'AMENT_PREFIX_PATH': '/home/darsh/UR3_ROS2_PICK_AND_PLACE/install/moveit_config:/home/darsh/UR3_ROS2_PICK_AND_PLACE/install/warehouse_ros_mongo:/home/darsh/UR3_ROS2_PICK_AND_PLACE/install/ur_system_tests:/home/darsh/UR3_ROS2_PICK_AND_PLACE/install/ur_mtc_pick_place_demo:/home/darsh/UR3_ROS2_PICK_AND_PLACE/install/ur_mtc_demos:/home/darsh/UR3_ROS2_PICK_AND_PLACE/install/ur_moveit_demos:/home/darsh/UR3_ROS2_PICK_AND_PLACE/install/ur_interfaces:/home/darsh/UR3_ROS2_PICK_AND_PLACE/install/ur_gazebo:/home/darsh/UR3_ROS2_PICK_AND_PLACE/install/ur_description:/home/darsh/UR3_ROS2_PICK_AND_PLACE/install/moveit_task_constructor_visualization:/home/darsh/UR3_ROS2_PICK_AND_PLACE/install/moveit_task_constructor_demo:/home/darsh/UR3_ROS2_PICK_AND_PLACE/install/moveit_task_constructor_capabilities:/home/darsh/UR3_ROS2_PICK_AND_PLACE/install/moveit_task_constructor_core:/home/darsh/UR3_ROS2_PICK_AND_PLACE/install/rviz_marker_tools:/home/darsh/UR3_ROS2_PICK_AND_PLACE/install/robotiq_2f_85_gripper_visualization:/home/darsh/UR3_ROS2_PICK_AND_PLACE/install/moveit_task_constructor_msgs:/opt/ros/jazzy', 'SHELL': '/bin/bash', 'LESSCLOSE': '/usr/bin/lesspipe %s %s', 'CMAKE_MODULE_PATH': '/home/darsh/UR3_ROS2_PICK_AND_PLACE/install/moveit_task_constructor_core/share/moveit_task_constructor_core/cmake:/home/darsh/UR3_ROS2_PICK_AND_PLACE/install/warehouse_ros_mongo/share/warehouse_ros_mongo/cmake', 'ROS_AUTOMATIC_DISCOVERY_RANGE': 'SUBNET', 'VSCODE_GIT_ASKPASS_EXTRA_ARGS': '', 'PWD': '/home/darsh/UR3_ROS2_PICK_AND_PLACE/build/ur_system_tests', 'XDG_DATA_DIRS': '/usr/local/share:/usr/share:/var/lib/snapd/desktop', 'PYTHONPATH': '/home/darsh/UR3_ROS2_PICK_AND_PLACE/install/moveit_task_constructor_core/lib/python3.12/site-packages:/home/darsh/UR3_ROS2_PICK_AND_PLACE/install/ur_interfaces/lib/python3.12/site-packages:/home/darsh/UR3_ROS2_PICK_AND_PLACE/install/moveit_task_constructor_msgs/lib/python3.12/site-packages:/home/darsh/UR3_ROS2_PICK_AND_PLACE/install/warehouse_ros_mongo/lib/python3.12/site-packages:/opt/ros/jazzy/lib/python3.12/site-packages', 'COLCON': '1', 'WSL2_GUI_APPS_ENABLED': '1', 'HOSTTYPE': 'x86_64', 'CMAKE_PREFIX_PATH': '/home/darsh/UR3_ROS2_PICK_AND_PLACE/install/moveit_task_constructor_core:/home/darsh/UR3_ROS2_PICK_AND_PLACE/install/ur_interfaces:/home/darsh/UR3_ROS2_PICK_AND_PLACE/install/rviz_marker_tools:/home/darsh/UR3_ROS2_PICK_AND_PLACE/install/moveit_task_constructor_msgs:/home/darsh/UR3_ROS2_PICK_AND_PLACE/install/moveit_config:/home/darsh/UR3_ROS2_PICK_AND_PLACE/install/warehouse_ros_mongo:/home/darsh/UR3_ROS2_PICK_AND_PLACE/install/ur_system_tests:/home/darsh/UR3_ROS2_PICK_AND_PLACE/install/ur_mtc_pick_place_demo:/home/darsh/UR3_ROS2_PICK_AND_PLACE/install/ur_mtc_demos:/home/darsh/UR3_ROS2_PICK_AND_PLACE/install/ur_moveit_demos:/home/darsh/UR3_ROS2_PICK_AND_PLACE/install/ur_gazebo:/home/darsh/UR3_ROS2_PICK_AND_PLACE/install/ur_description:/home/darsh/UR3_ROS2_PICK_AND_PLACE/install/moveit_task_constructor_visualization:/home/darsh/UR3_ROS2_PICK_AND_PLACE/install/moveit_task_constructor_demo:/home/darsh/UR3_ROS2_PICK_AND_PLACE/install/moveit_task_constructor_capabilities:/home/darsh/UR3_ROS2_PICK_AND_PLACE/install/robotiq_2f_85_gripper_visualization:/opt/ros/jazzy/opt/gz_sim_vendor:/opt/ros/jazzy/opt/gz_sensors_vendor:/opt/ros/jazzy/opt/gz_physics_vendor:/opt/ros/jazzy/opt/sdformat_vendor:/opt/ros/jazzy/opt/gz_gui_vendor:/opt/ros/jazzy/opt/gz_transport_vendor:/opt/ros/jazzy/opt/gz_rendering_vendor:/opt/ros/jazzy/opt/gz_plugin_vendor:/opt/ros/jazzy/opt/gz_fuel_tools_vendor:/opt/ros/jazzy/opt/gz_msgs_vendor:/opt/ros/jazzy/opt/gz_common_vendor:/opt/ros/jazzy/opt/gz_math_vendor:/opt/ros/jazzy/opt/gz_utils_vendor:/opt/ros/jazzy/opt/gz_tools_vendor:/opt/ros/jazzy/opt/gz_ogre_next_vendor:/opt/ros/jazzy/opt/gz_dartsim_vendor:/opt/ros/jazzy/opt/gz_cmake_vendor:/opt/ros/jazzy', 'WSLENV': 'VSCODE_WSL_EXT_LOCATION/up:VSCODE_CLI_REMOTE_ENV/w:ELECTRON_RUN_AS_NODE/w:'}), 'shell': False}
[0.593019] (ur_system_tests) StdoutLine: {'line': b'-- Found ament_cmake: 2.5.3 (/opt/ros/jazzy/share/ament_cmake/cmake)\n'}
[0.601746] (-) TimerEvent: {}
[0.702046] (-) TimerEvent: {}
[0.802324] (-) TimerEvent: {}
[0.849330] (ur_system_tests) StdoutLine: {'line': b'-- Found rclcpp: 28.1.6 (/opt/ros/jazzy/share/rclcpp/cmake)\n'}
[0.902423] (-) TimerEvent: {}
[1.002781] (-) TimerEvent: {}
[1.042153] (ur_system_tests) StdoutLine: {'line': b'-- Found rosidl_generator_c: 4.6.5 (/opt/ros/jazzy/share/rosidl_generator_c/cmake)\n'}
[1.053207] (ur_system_tests) StdoutLine: {'line': b'-- Found rosidl_generator_cpp: 4.6.5 (/opt/ros/jazzy/share/rosidl_generator_cpp/cmake)\n'}
[1.068238] (ur_system_tests) StdoutLine: {'line': b'-- Using all available rosidl_typesupport_c: rosidl_typesupport_fastrtps_c;rosidl_typesupport_introspection_c\n'}
[1.085129] (ur_system_tests) StdoutLine: {'line': b'-- Using all available rosidl_typesupport_cpp: rosidl_typesupport_fastrtps_cpp;rosidl_typesupport_introspection_cpp\n'}
[1.102892] (-) TimerEvent: {}
[1.161156] (ur_system_tests) StdoutLine: {'line': b'-- Found rmw_implementation_cmake: 7.3.1 (/opt/ros/jazzy/share/rmw_implementation_cmake/cmake)\n'}
[1.163513] (ur_system_tests) StdoutLine: {'line': b'-- Found rmw_fastrtps_cpp: 8.4.1 (/opt/ros/jazzy/share/rmw_fastrtps_cpp/cmake)\n'}
[1.202986] (-) TimerEvent: {}
[1.303280] (-) TimerEvent: {}
[1.380397] (ur_system_tests) StdoutLine: {'line': b"-- Using RMW implementation 'rmw_fastrtps_cpp' as default\n"}
[1.403454] (-) TimerEvent: {}
[1.503763] (-) TimerEvent: {}
[1.567780] (ur_system_tests) StdoutLine: {'line': b'-- Found rclcpp_action: 28.1.6 (/opt/ros/jazzy/share/rclcpp_action/cmake)\n'}
[1.603914] (-) TimerEvent: {}
[1.618764] (ur_system_tests) StdoutLine: {'line': b'-- Found control_msgs: 5.3.0 (/opt/ros/jazzy/share/control_msgs/cmake)\n'}
[1.704021] (-) TimerEvent: {}
[1.777523] (ur_system_tests) StdoutLine: {'line': b'-- Found tf2_geometry_msgs: 0.36.8 (/opt/ros/jazzy/share/tf2_geometry_msgs/cmake)\n'}
[1.782382] (ur_system_tests) StdoutLine: {'line': b'-- Found eigen3_cmake_module: 0.3.0 (/opt/ros/jazzy/share/eigen3_cmake_module/cmake)\n'}
[1.784040] (ur_system_tests) StdoutLine: {'line': b'-- Ensuring Eigen3 include directory is part of orocos-kdl CMake target\n'}
[1.804240] (-) TimerEvent: {}
[1.874066] (ur_system_tests) StdoutLine: {'line': b'-- Found pluginlib: 5.4.2 (/opt/ros/jazzy/share/pluginlib/cmake)\n'}
[1.877825] (ur_system_tests) StdoutLine: {'line': b'-- Found moveit_common: 2.12.2 (/opt/ros/jazzy/share/moveit_common/cmake)\n'}
[1.881155] (ur_system_tests) StdoutLine: {'line': b'-- Found moveit_core: 2.12.2 (/opt/ros/jazzy/share/moveit_core/cmake)\n'}
[1.904344] (-) TimerEvent: {}
[1.913404] (ur_system_tests) StdoutLine: {'line': b'-- Found Boost: /usr/lib/x86_64-linux-gnu/cmake/Boost-1.83.0/BoostConfig.cmake (found version "1.83.0") found components: chrono date_time filesystem iostreams program_options regex serialization system thread \n'}
[2.004583] (-) TimerEvent: {}
[2.105025] (-) TimerEvent: {}
[2.205383] (-) TimerEvent: {}
[2.305660] (-) TimerEvent: {}
[2.405941] (-) TimerEvent: {}
[2.506193] (-) TimerEvent: {}
[2.606439] (-) TimerEvent: {}
[2.701128] (ur_system_tests) StdoutLine: {'line': b'-- Found parameter_traits: 0.4.0 (/opt/ros/jazzy/share/parameter_traits/cmake)\n'}
[2.706491] (-) TimerEvent: {}
[2.714882] (ur_system_tests) StdoutLine: {'line': b'-- Found rclcpp_lifecycle: 28.1.6 (/opt/ros/jazzy/share/rclcpp_lifecycle/cmake)\n'}
[2.772114] (ur_system_tests) StdoutLine: {'line': b'-- Found Boost: /usr/lib/x86_64-linux-gnu/cmake/Boost-1.83.0/BoostConfig.cmake (found version "1.83.0") found components: filesystem \n'}
[2.806639] (-) TimerEvent: {}
[2.906974] (-) TimerEvent: {}
[3.007237] (-) TimerEvent: {}
[3.087221] (ur_system_tests) StdoutLine: {'line': b'-- Found moveit_ros_planning_interface: 2.12.2 (/opt/ros/jazzy/share/moveit_ros_planning_interface/cmake)\n'}
[3.093017] (ur_system_tests) StdoutLine: {'line': b'-- Found Boost: /usr/lib/x86_64-linux-gnu/cmake/Boost-1.83.0/BoostConfig.cmake (found version "1.83.0") found components: date_time filesystem program_options system thread \n'}
[3.107342] (-) TimerEvent: {}
[3.111344] (ur_system_tests) StdoutLine: {'line': b'-- Found Boost: /usr/lib/x86_64-linux-gnu/cmake/Boost-1.83.0/BoostConfig.cmake (found version "1.83.0") found components: system filesystem date_time program_options thread chrono \n'}
[3.174552] (ur_system_tests) StdoutLine: {'line': b'-- Found Boost: /usr/lib/x86_64-linux-gnu/cmake/Boost-1.83.0/BoostConfig.cmake (found version "1.83.0") found components: thread system filesystem regex date_time program_options \n'}
[3.207472] (-) TimerEvent: {}
[3.208196] (ur_system_tests) StdoutLine: {'line': b'-- Found Boost: /usr/lib/x86_64-linux-gnu/cmake/Boost-1.83.0/BoostConfig.cmake (found version "1.83.0") found components: system filesystem date_time program_options thread \n'}
[3.269111] (ur_system_tests) StdoutLine: {'line': b'-- Found moveit_task_constructor_core: 0.1.3 (/home/darsh/UR3_ROS2_PICK_AND_PLACE/install/moveit_task_constructor_core/share/moveit_task_constructor_core/cmake)\n'}
[3.307608] (-) TimerEvent: {}
[3.379749] (ur_system_tests) StdoutLine: {'line': b'-- Found ament_lint_auto: 0.17.1 (/opt/ros/jazzy/share/ament_lint_auto/cmake)\n'}
[3.407704] (-) TimerEvent: {}
[3.508020] (-) TimerEvent: {}
[3.529589] (ur_system_tests) StdoutLine: {'line': b"-- Added test 'cppcheck' to perform static code analysis on C / C++ code\n"}
[3.529930] (ur_system_tests) StdoutLine: {'line': b'-- Configured cppcheck include dirs: \n'}
[3.530031] (ur_system_tests) StdoutLine: {'line': b'-- Configured cppcheck exclude dirs and/or files: \n'}
[3.530794] (ur_system_tests) StdoutLine: {'line': b"-- Added test 'flake8' to check Python code syntax and style conventions\n"}
[3.530972] (ur_system_tests) StdoutLine: {'line': b"-- Configured 'flake8' exclude dirs and/or files: \n"}
[3.531803] (ur_system_tests) StdoutLine: {'line': b"-- Added test 'lint_cmake' to check CMake code style\n"}
[3.532523] (ur_system_tests) StdoutLine: {'line': b"-- Added test 'pep257' to check Python code against some of the docstring style conventions in PEP 257\n"}
[3.533691] (ur_system_tests) StdoutLine: {'line': b"-- Added test 'uncrustify' to check C / C++ code style\n"}
[3.533920] (ur_system_tests) StdoutLine: {'line': b'-- Configured uncrustify additional arguments: \n'}
[3.534261] (ur_system_tests) StdoutLine: {'line': b"-- Added test 'xmllint' to check XML markup files\n"}
[3.537745] (ur_system_tests) StdoutLine: {'line': b'-- Configuring done (3.0s)\n'}
[3.608146] (-) TimerEvent: {}
[3.640511] (ur_system_tests) StdoutLine: {'line': b'-- Generating done (0.1s)\n'}
[3.659170] (ur_system_tests) StdoutLine: {'line': b'-- Build files have been written to: /home/darsh/UR3_ROS2_PICK_AND_PLACE/build/ur_system_tests\n'}
[3.708240] (-) TimerEvent: {}
[3.732133] (ur_system_tests) StdoutLine: {'line': b'[ 33%] Built target test_send_joint_space_goal\n'}
[3.742462] (ur_system_tests) StdoutLine: {'line': b'[ 66%] Built target arm_gripper_loop_controller\n'}
[3.743213] (ur_system_tests) StdoutLine: {'line': b'[ 83%] \x1b[32mBuilding CXX object CMakeFiles/test_pick_and_place.dir/src/test_pick_and_place.cpp.o\x1b[0m\n'}
[3.808399] (-) TimerEvent: {}
[3.911903] (-) TimerEvent: {}
[4.012524] (-) TimerEvent: {}
[4.112960] (-) TimerEvent: {}
[4.213260] (-) TimerEvent: {}
[4.313494] (-) TimerEvent: {}
[4.386042] (ur_system_tests) StderrLine: {'line': b'\x1b[01m\x1b[K/home/darsh/UR3_ROS2_PICK_AND_PLACE/ur_system_tests/src/test_pick_and_place.cpp:12:10:\x1b[m\x1b[K \x1b[01;31m\x1b[Kfatal error: \x1b[m\x1b[Kmoveit/task_constructor/stages/simple_ungrasp.h: No such file or directory\n'}
[4.386267] (ur_system_tests) StderrLine: {'line': b'   12 | #include \x1b[01;31m\x1b[K<moveit/task_constructor/stages/simple_ungrasp.h>\x1b[m\x1b[K\n'}
[4.386369] (ur_system_tests) StderrLine: {'line': b'      |          \x1b[01;31m\x1b[K^~~~~~~~~~~~~~~~~~~~~~~~~~~~~~~~~~~~~~~~~~~~~~~~~\x1b[m\x1b[K\n'}
[4.386451] (ur_system_tests) StderrLine: {'line': b'compilation terminated.\n'}
[4.390261] (ur_system_tests) StderrLine: {'line': b'gmake[2]: *** [CMakeFiles/test_pick_and_place.dir/build.make:76: CMakeFiles/test_pick_and_place.dir/src/test_pick_and_place.cpp.o] Error 1\n'}
[4.390452] (ur_system_tests) StderrLine: {'line': b'gmake[1]: *** [CMakeFiles/Makefile2:193: CMakeFiles/test_pick_and_place.dir/all] Error 2\n'}
[4.390555] (ur_system_tests) StderrLine: {'line': b'gmake: *** [Makefile:146: all] Error 2\n'}
[4.392522] (ur_system_tests) CommandEnded: {'returncode': 2}
[4.406017] (ur_system_tests) JobEnded: {'identifier': 'ur_system_tests', 'rc': 2}
[4.413643] (-) TimerEvent: {}
[4.416788] (-) EventReactorShutdown: {}
