[0.254s] Invoking command in '/home/darsh/ros2_ws/src/UR3_ROS2_PICK_AND_PLACE/build/moveit_task_constructor_core': AMENT_PREFIX_PATH=/home/darsh/ros2_ws/src/UR3_ROS2_PICK_AND_PLACE/install/rviz_marker_tools:/home/darsh/ros2_ws/src/UR3_ROS2_PICK_AND_PLACE/install/moveit_task_constructor_msgs:${AMENT_PREFIX_PATH} CMAKE_PREFIX_PATH=/home/darsh/ros2_ws/src/UR3_ROS2_PICK_AND_PLACE/install/rviz_marker_tools:/home/darsh/ros2_ws/src/UR3_ROS2_PICK_AND_PLACE/install/moveit_task_constructor_msgs:/opt/ros/jazzy/opt/gz_sim_vendor:/opt/ros/jazzy/opt/gz_sensors_vendor:/opt/ros/jazzy/opt/gz_physics_vendor:/opt/ros/jazzy/opt/sdformat_vendor:/opt/ros/jazzy/opt/gz_gui_vendor:/opt/ros/jazzy/opt/gz_transport_vendor:/opt/ros/jazzy/opt/gz_rendering_vendor:/opt/ros/jazzy/opt/gz_plugin_vendor:/opt/ros/jazzy/opt/gz_fuel_tools_vendor:/opt/ros/jazzy/opt/gz_msgs_vendor:/opt/ros/jazzy/opt/gz_common_vendor:/opt/ros/jazzy/opt/gz_tools_vendor:/opt/ros/jazzy/opt/gz_ogre_next_vendor:/opt/ros/jazzy/opt/gz_dartsim_vendor:/opt/ros/jazzy/opt/gz_math_vendor:/opt/ros/jazzy/opt/gz_utils_vendor:/opt/ros/jazzy/opt/gz_cmake_vendor:/opt/ros/jazzy LD_LIBRARY_PATH=/home/darsh/ros2_ws/src/UR3_ROS2_PICK_AND_PLACE/install/rviz_marker_tools/lib:/home/darsh/ros2_ws/src/UR3_ROS2_PICK_AND_PLACE/install/moveit_task_constructor_msgs/lib:${LD_LIBRARY_PATH} PYTHONPATH=/home/darsh/ros2_ws/src/UR3_ROS2_PICK_AND_PLACE/install/moveit_task_constructor_msgs/lib/python3.12/site-packages:${PYTHONPATH} /usr/bin/cmake --build /home/darsh/ros2_ws/src/UR3_ROS2_PICK_AND_PLACE/build/moveit_task_constructor_core -- -j16 -l16
[0.414s] [  2%] Built target gtest
[0.415s] [  4%] Built target gtest_main
[0.424s] [  6%] Built target gmock_main
[0.424s] [ 10%] Built target gmock
[0.432s] [ 10%] Built target ament_cmake_python_copy_moveit
[0.666s] [ 12%] [32mBuilding CXX object src/CMakeFiles/moveit_task_constructor_core.dir/utils.cpp.o[0m
[0.667s] [ 12%] [32mBuilding CXX object src/CMakeFiles/moveit_task_constructor_core.dir/solvers/joint_interpolation.cpp.o[0m
[0.956s] running egg_info
[1.019s] writing moveit.egg-info/PKG-INFO
[1.019s] writing dependency_links to moveit.egg-info/dependency_links.txt
[1.020s] writing top-level names to moveit.egg-info/top_level.txt
[1.196s] reading manifest file 'moveit.egg-info/SOURCES.txt'
[1.198s] writing manifest file 'moveit.egg-info/SOURCES.txt'
[1.266s] [ 12%] Built target ament_cmake_python_build_moveit_egg
[18.402s] [ 13%] [32m[1mLinking CXX shared library libmoveit_task_constructor_core.so[0m
[19.638s] [ 28%] Built target moveit_task_constructor_core
[19.675s] [ 29%] [32mBuilding CXX object src/stages/CMakeFiles/moveit_task_constructor_core_stages.dir/modify_planning_scene.cpp.o[0m
[19.680s] [ 31%] [32mBuilding CXX object src/stages/CMakeFiles/moveit_task_constructor_core_stages.dir/current_state.cpp.o[0m
[19.680s] [ 32%] [32mBuilding CXX object src/stages/CMakeFiles/moveit_task_constructor_core_stages.dir/generate_pose.cpp.o[0m
[19.681s] [ 33%] [32mBuilding CXX object test/CMakeFiles/gtest_utils.dir/models.cpp.o[0m
[19.683s] [ 34%] [32mBuilding CXX object src/stages/CMakeFiles/moveit_task_constructor_core_stages.dir/fixed_state.cpp.o[0m
[19.683s] [ 36%] [32mBuilding CXX object src/stages/CMakeFiles/moveit_task_constructor_core_stages.dir/fix_collision_objects.cpp.o[0m
[19.683s] [ 36%] [32mBuilding CXX object src/stages/CMakeFiles/moveit_task_constructor_core_stages.dir/compute_ik.cpp.o[0m
[19.684s] [ 37%] [32mBuilding CXX object test/CMakeFiles/gtest_utils.dir/stage_mockups.cpp.o[0m
[19.684s] [ 39%] [32mBuilding CXX object src/stages/CMakeFiles/moveit_task_constructor_core_stages.dir/fixed_cartesian_poses.cpp.o[0m
[19.686s] [ 40%] [32mBuilding CXX object test/CMakeFiles/gtest_utils.dir/gtest_value_printers.cpp.o[0m
[19.687s] [ 42%] [32mBuilding CXX object src/stages/CMakeFiles/moveit_task_constructor_core_stages.dir/predicate_filter.cpp.o[0m
[19.688s] [ 42%] [32mBuilding CXX object src/stages/CMakeFiles/moveit_task_constructor_core_stages.dir/generate_grasp_pose.cpp.o[0m
[19.688s] [ 43%] [32mBuilding CXX object src/stages/CMakeFiles/moveit_task_constructor_core_stages.dir/generate_place_pose.cpp.o[0m
[19.691s] [ 44%] [32mBuilding CXX object src/stages/CMakeFiles/moveit_task_constructor_core_stages.dir/passthrough.cpp.o[0m
[19.696s] [ 45%] [32mBuilding CXX object src/stages/CMakeFiles/moveit_task_constructor_core_stages.dir/generate_random_pose.cpp.o[0m
[19.705s] [ 47%] [32mBuilding CXX object src/stages/CMakeFiles/moveit_task_constructor_core_stages.dir/connect.cpp.o[0m
[52.026s] [ 48%] [32mBuilding CXX object src/stages/CMakeFiles/moveit_task_constructor_core_stages.dir/move_to.cpp.o[0m
[123.322s] [01m[Kc++:[m[K [01;31m[Kfatal error: [m[KKilled signal terminated program cc1plus
[123.358s] compilation terminated.
[123.363s] gmake[2]: *** [src/stages/CMakeFiles/moveit_task_constructor_core_stages.dir/build.make:132: src/stages/CMakeFiles/moveit_task_constructor_core_stages.dir/fixed_cartesian_poses.cpp.o] Error 1
[123.364s] gmake[2]: *** Waiting for unfinished jobs....
[171.397s] [01m[Kc++:[m[K [01;31m[Kfatal error: [m[KKilled signal terminated program cc1plus
[171.402s] compilation terminated.
[171.449s] gmake[2]: *** [src/stages/CMakeFiles/moveit_task_constructor_core_stages.dir/build.make:188: src/stages/CMakeFiles/moveit_task_constructor_core_stages.dir/generate_place_pose.cpp.o] Error 1
[188.495s] [01m[Kc++:[m[K [01;31m[Kfatal error: [m[KKilled signal terminated program cc1plus
[188.500s] compilation terminated.
[188.525s] gmake[2]: *** [src/stages/CMakeFiles/moveit_task_constructor_core_stages.dir/build.make:174: src/stages/CMakeFiles/moveit_task_constructor_core_stages.dir/generate_grasp_pose.cpp.o] Error 1
[291.803s] [ 49%] [32m[1mLinking CXX shared library libgtest_utils.so[0m
[293.087s] [ 49%] Built target gtest_utils
[296.500s] gmake[1]: *** [CMakeFiles/Makefile2:390: src/stages/CMakeFiles/moveit_task_constructor_core_stages.dir/all] Error 2
[296.517s] gmake: *** [Makefile:146: all] Error 2
[296.735s] Invoked command in '/home/darsh/ros2_ws/src/UR3_ROS2_PICK_AND_PLACE/build/moveit_task_constructor_core' returned '2': AMENT_PREFIX_PATH=/home/darsh/ros2_ws/src/UR3_ROS2_PICK_AND_PLACE/install/rviz_marker_tools:/home/darsh/ros2_ws/src/UR3_ROS2_PICK_AND_PLACE/install/moveit_task_constructor_msgs:${AMENT_PREFIX_PATH} CMAKE_PREFIX_PATH=/home/darsh/ros2_ws/src/UR3_ROS2_PICK_AND_PLACE/install/rviz_marker_tools:/home/darsh/ros2_ws/src/UR3_ROS2_PICK_AND_PLACE/install/moveit_task_constructor_msgs:/opt/ros/jazzy/opt/gz_sim_vendor:/opt/ros/jazzy/opt/gz_sensors_vendor:/opt/ros/jazzy/opt/gz_physics_vendor:/opt/ros/jazzy/opt/sdformat_vendor:/opt/ros/jazzy/opt/gz_gui_vendor:/opt/ros/jazzy/opt/gz_transport_vendor:/opt/ros/jazzy/opt/gz_rendering_vendor:/opt/ros/jazzy/opt/gz_plugin_vendor:/opt/ros/jazzy/opt/gz_fuel_tools_vendor:/opt/ros/jazzy/opt/gz_msgs_vendor:/opt/ros/jazzy/opt/gz_common_vendor:/opt/ros/jazzy/opt/gz_tools_vendor:/opt/ros/jazzy/opt/gz_ogre_next_vendor:/opt/ros/jazzy/opt/gz_dartsim_vendor:/opt/ros/jazzy/opt/gz_math_vendor:/opt/ros/jazzy/opt/gz_utils_vendor:/opt/ros/jazzy/opt/gz_cmake_vendor:/opt/ros/jazzy LD_LIBRARY_PATH=/home/darsh/ros2_ws/src/UR3_ROS2_PICK_AND_PLACE/install/rviz_marker_tools/lib:/home/darsh/ros2_ws/src/UR3_ROS2_PICK_AND_PLACE/install/moveit_task_constructor_msgs/lib:${LD_LIBRARY_PATH} PYTHONPATH=/home/darsh/ros2_ws/src/UR3_ROS2_PICK_AND_PLACE/install/moveit_task_constructor_msgs/lib/python3.12/site-packages:${PYTHONPATH} /usr/bin/cmake --build /home/darsh/ros2_ws/src/UR3_ROS2_PICK_AND_PLACE/build/moveit_task_constructor_core -- -j16 -l16
