[01m[K/home/darsh/UR3_ROS2_PICK_AND_PLACE/src/moveit_task_constructor/core/src/storage.cpp:[m[K In member function â€˜[01m[Kvirtual void moveit::task_constructor::SubTrajectory::[01;32m[KappendTo[m[K(moveit_task_constructor_msgs::msg::Solution&, moveit::task_constructor::Introspection*) const[m[Kâ€™:
[01m[K/home/darsh/UR3_ROS2_PICK_AND_PLACE/src/moveit_task_constructor/core/src/storage.cpp:240:9:[m[K [01;35m[Kwarning: [m[Kthis â€˜[01m[Kif[m[Kâ€™ clause does not guard... [[01;35m[K]8;;https://gcc.gnu.org/onlinedocs/gcc/Warning-Options.html#index-Wmisleading-indentation-Wmisleading-indentation]8;;[m[K]
  240 |         [01;35m[Kif[m[K (trajectory())
      |         [01;35m[K^~[m[K
[01m[K/home/darsh/UR3_ROS2_PICK_AND_PLACE/src/moveit_task_constructor/core/src/storage.cpp:244:17:[m[K [01;36m[Knote: [m[K...this statement, but the latter is misleadingly indented as if it were guarded by the â€˜[01m[Kif[m[Kâ€™
  244 |                 [01;36m[Kthis[m[K->end()->scene()->getPlanningSceneMsg(t.scene_diff);
      |                 [01;36m[K^~~~[m[K
[01m[Kc++:[m[K [01;31m[Kfatal error: [m[KKilled signal terminated program cc1plus
compilation terminated.
gmake[2]: *** [src/stages/CMakeFiles/moveit_task_constructor_core_stages.dir/build.make:90: src/stages/CMakeFiles/moveit_task_constructor_core_stages.dir/fix_collision_objects.cpp.o] Error 1
gmake[2]: *** Waiting for unfinished jobs....
[01m[Kc++:[m[K [01;31m[Kfatal error: [m[KKilled signal terminated program cc1plus
compilation terminated.
gmake[2]: *** [src/stages/CMakeFiles/moveit_task_constructor_core_stages.dir/build.make:174: src/stages/CMakeFiles/moveit_task_constructor_core_stages.dir/generate_grasp_pose.cpp.o] Error 1
[01m[Kc++:[m[K [01;31m[Kfatal error: [m[KKilled signal terminated program cc1plus
compilation terminated.
gmake[2]: *** [src/stages/CMakeFiles/moveit_task_constructor_core_stages.dir/build.make:202: src/stages/CMakeFiles/moveit_task_constructor_core_stages.dir/compute_ik.cpp.o] Error 1
[01m[Kc++:[m[K [01;31m[Kfatal error: [m[KKilled signal terminated program cc1plus
compilation terminated.
gmake[2]: *** [src/stages/CMakeFiles/moveit_task_constructor_core_stages.dir/build.make:188: src/stages/CMakeFiles/moveit_task_constructor_core_stages.dir/generate_place_pose.cpp.o] Error 1
gmake[1]: *** [CMakeFiles/Makefile2:390: src/stages/CMakeFiles/moveit_task_constructor_core_stages.dir/all] Error 2
gmake: *** [Makefile:146: all] Error 2
