[  0%] Built target ament_cmake_python_copy_moveit
[  2%] Built target gtest
running egg_info
writing moveit.egg-info/PKG-INFO
writing dependency_links to moveit.egg-info/dependency_links.txt
writing top-level names to moveit.egg-info/top_level.txt
reading manifest file 'moveit.egg-info/SOURCES.txt'
writing manifest file 'moveit.egg-info/SOURCES.txt'
[  2%] Built target ament_cmake_python_build_moveit_egg
[  4%] Built target gmock_main
[  8%] Built target gmock
[ 10%] Built target gtest_main
[ 11%] [32mBuilding CXX object src/CMakeFiles/moveit_task_constructor_core.dir/cost_terms.cpp.o[0m
[ 12%] [32mBuilding CXX object src/CMakeFiles/moveit_task_constructor_core.dir/storage.cpp.o[0m
[01m[K/home/darsh/UR3_ROS2_PICK_AND_PLACE/src/moveit_task_constructor/core/src/storage.cpp:[m[K In member function â€˜[01m[Kvirtual void moveit::task_constructor::SubTrajectory::[01;32m[KappendTo[m[K(moveit_task_constructor_msgs::msg::Solution&, moveit::task_constructor::Introspection*) const[m[Kâ€™:
[01m[K/home/darsh/UR3_ROS2_PICK_AND_PLACE/src/moveit_task_constructor/core/src/storage.cpp:240:9:[m[K [01;35m[Kwarning: [m[Kthis â€˜[01m[Kif[m[Kâ€™ clause does not guard... [[01;35m[K]8;;https://gcc.gnu.org/onlinedocs/gcc/Warning-Options.html#index-Wmisleading-indentation-Wmisleading-indentation]8;;[m[K]
  240 |         [01;35m[Kif[m[K (trajectory())
      |         [01;35m[K^~[m[K
[01m[K/home/darsh/UR3_ROS2_PICK_AND_PLACE/src/moveit_task_constructor/core/src/storage.cpp:244:17:[m[K [01;36m[Knote: [m[K...this statement, but the latter is misleadingly indented as if it were guarded by the â€˜[01m[Kif[m[Kâ€™
  244 |                 [01;36m[Kthis[m[K->end()->scene()->getPlanningSceneMsg(t.scene_diff);
      |                 [01;36m[K^~~~[m[K
[ 13%] [32m[1mLinking CXX shared library libmoveit_task_constructor_core.so[0m
[ 28%] Built target moveit_task_constructor_core
[ 29%] [32mBuilding CXX object test/CMakeFiles/gtest_utils.dir/gtest_value_printers.cpp.o[0m
[ 31%] [32mBuilding CXX object test/CMakeFiles/gtest_utils.dir/stage_mockups.cpp.o[0m
[ 32%] [32mBuilding CXX object src/stages/CMakeFiles/moveit_task_constructor_core_stages.dir/current_state.cpp.o[0m
[ 33%] [32mBuilding CXX object test/CMakeFiles/gtest_utils.dir/models.cpp.o[0m
[ 34%] [32mBuilding CXX object src/stages/CMakeFiles/moveit_task_constructor_core_stages.dir/modify_planning_scene.cpp.o[0m
[ 35%] [32mBuilding CXX object src/stages/CMakeFiles/moveit_task_constructor_core_stages.dir/fix_collision_objects.cpp.o[0m
[ 36%] [32mBuilding CXX object src/stages/CMakeFiles/moveit_task_constructor_core_stages.dir/fixed_state.cpp.o[0m
[ 37%] [32mBuilding CXX object src/stages/CMakeFiles/moveit_task_constructor_core_stages.dir/fixed_cartesian_poses.cpp.o[0m
[ 39%] [32mBuilding CXX object src/stages/CMakeFiles/moveit_task_constructor_core_stages.dir/generate_random_pose.cpp.o[0m
[ 40%] [32mBuilding CXX object src/stages/CMakeFiles/moveit_task_constructor_core_stages.dir/generate_pose.cpp.o[0m
[ 41%] [32mBuilding CXX object src/stages/CMakeFiles/moveit_task_constructor_core_stages.dir/generate_grasp_pose.cpp.o[0m
[ 42%] [32mBuilding CXX object src/stages/CMakeFiles/moveit_task_constructor_core_stages.dir/generate_place_pose.cpp.o[0m
[ 43%] [32mBuilding CXX object src/stages/CMakeFiles/moveit_task_constructor_core_stages.dir/compute_ik.cpp.o[0m
[ 44%] [32mBuilding CXX object src/stages/CMakeFiles/moveit_task_constructor_core_stages.dir/predicate_filter.cpp.o[0m
[ 45%] [32mBuilding CXX object src/stages/CMakeFiles/moveit_task_constructor_core_stages.dir/passthrough.cpp.o[0m
[ 47%] [32mBuilding CXX object src/stages/CMakeFiles/moveit_task_constructor_core_stages.dir/connect.cpp.o[0m
[ 48%] [32mBuilding CXX object src/stages/CMakeFiles/moveit_task_constructor_core_stages.dir/move_to.cpp.o[0m
[ 49%] [32mBuilding CXX object src/stages/CMakeFiles/moveit_task_constructor_core_stages.dir/move_relative.cpp.o[0m
[01m[Kc++:[m[K [01;31m[Kfatal error: [m[KKilled signal terminated program cc1plus
compilation terminated.
gmake[2]: *** [src/stages/CMakeFiles/moveit_task_constructor_core_stages.dir/build.make:90: src/stages/CMakeFiles/moveit_task_constructor_core_stages.dir/fix_collision_objects.cpp.o] Error 1
gmake[2]: *** Waiting for unfinished jobs....
[01m[Kc++:[m[K [01;31m[Kfatal error: [m[KKilled signal terminated program cc1plus
compilation terminated.
gmake[2]: *** [src/stages/CMakeFiles/moveit_task_constructor_core_stages.dir/build.make:174: src/stages/CMakeFiles/moveit_task_constructor_core_stages.dir/generate_grasp_pose.cpp.o] Error 1
[01m[Kc++:[m[K [01;31m[Kfatal error: [m[KKilled signal terminated program cc1plus
compilation terminated.
gmake[2]: *** [src/stages/CMakeFiles/moveit_task_constructor_core_stages.dir/build.make:202: src/stages/CMakeFiles/moveit_task_constructor_core_stages.dir/compute_ik.cpp.o] Error 1
[01m[Kc++:[m[K [01;31m[Kfatal error: [m[KKilled signal terminated program cc1plus
compilation terminated.
gmake[2]: *** [src/stages/CMakeFiles/moveit_task_constructor_core_stages.dir/build.make:188: src/stages/CMakeFiles/moveit_task_constructor_core_stages.dir/generate_place_pose.cpp.o] Error 1
[ 50%] [32m[1mLinking CXX shared library libgtest_utils.so[0m
[ 50%] Built target gtest_utils
gmake[1]: *** [CMakeFiles/Makefile2:390: src/stages/CMakeFiles/moveit_task_constructor_core_stages.dir/all] Error 2
gmake: *** [Makefile:146: all] Error 2
