[0.080s] Invoking command in '/home/darsh/ros2_ws/src/UR3_ROS2_PICK_AND_PLACE/build/warehouse_ros_mongo': CMAKE_PREFIX_PATH=${CMAKE_PREFIX_PATH}:/opt/ros/jazzy /usr/bin/cmake --build /home/darsh/ros2_ws/src/UR3_ROS2_PICK_AND_PLACE/build/warehouse_ros_mongo -- -j16 -l16
[0.153s] -- Found ament_cmake: 2.5.3 (/opt/ros/jazzy/share/ament_cmake/cmake)
[0.766s] -- Override CMake install command with custom implementation using symlinks instead of copying resources
[0.773s] -- Found rclcpp: 28.1.6 (/opt/ros/jazzy/share/rclcpp/cmake)
[0.911s] -- Found rosidl_generator_c: 4.6.5 (/opt/ros/jazzy/share/rosidl_generator_c/cmake)
[0.926s] -- Found rosidl_generator_cpp: 4.6.5 (/opt/ros/jazzy/share/rosidl_generator_cpp/cmake)
[0.947s] -- Using all available rosidl_typesupport_c: rosidl_typesupport_fastrtps_c;rosidl_typesupport_introspection_c
[0.969s] -- Using all available rosidl_typesupport_cpp: rosidl_typesupport_fastrtps_cpp;rosidl_typesupport_introspection_cpp
[1.089s] -- Found rmw_implementation_cmake: 7.3.1 (/opt/ros/jazzy/share/rmw_implementation_cmake/cmake)
[1.092s] -- Found rmw_fastrtps_cpp: 8.4.1 (/opt/ros/jazzy/share/rmw_fastrtps_cpp/cmake)
[1.357s] -- Using RMW implementation 'rmw_fastrtps_cpp' as default
[1.607s] -- Found std_msgs: 5.3.5 (/opt/ros/jazzy/share/std_msgs/cmake)
[1.637s] -- Found warehouse_ros: 2.0.5 (/opt/ros/jazzy/share/warehouse_ros/cmake)
[1.883s] -- Found eigen3_cmake_module: 0.3.0 (/opt/ros/jazzy/share/eigen3_cmake_module/cmake)
[1.885s] -- Ensuring Eigen3 include directory is part of orocos-kdl CMake target
[1.896s] -- Found MONGODB: /usr/include, /usr/lib/x86_64-linux-gnu/libmongoclient.so
[1.896s] -- MONGODB using new interface: YES
[1.898s] -- Found rclpy: 7.1.3 (/opt/ros/jazzy/share/rclpy/cmake)
[2.058s] -- Found launch_testing_ament_cmake: 3.4.3 (/opt/ros/jazzy/share/launch_testing_ament_cmake/cmake)
[2.059s] -- Found python_cmake_module: 0.11.1 (/opt/ros/jazzy/share/python_cmake_module/cmake)
[2.276s] -- Found ament_cmake_gtest: 2.5.3 (/opt/ros/jazzy/share/ament_cmake_gtest/cmake)
[2.277s] -- Found gtest sources under '/opt/ros/jazzy/src/gtest_vendor': C++ tests using 'Google Test' will be built
[2.283s] -- Found ament_lint_auto: 0.17.1 (/opt/ros/jazzy/share/ament_lint_auto/cmake)
[5.355s] -- Added test 'copyright' to check source files copyright and LICENSE
[5.359s] -- Configuring done (5.2s)
[5.403s] -- Generating done (0.0s)
[5.420s] -- Build files have been written to: /home/darsh/ros2_ws/src/UR3_ROS2_PICK_AND_PLACE/build/warehouse_ros_mongo
[5.476s] failed to create symbolic link '/home/darsh/ros2_ws/src/UR3_ROS2_PICK_AND_PLACE/build/warehouse_ros_mongo/ament_cmake_python/warehouse_ros_mongo/warehouse_ros_mongo' because existing path cannot be removed: Is a directory
[5.477s] gmake[2]: *** [CMakeFiles/ament_cmake_python_symlink_warehouse_ros_mongo.dir/build.make:70: CMakeFiles/ament_cmake_python_symlink_warehouse_ros_mongo] Error 1
[5.478s] gmake[1]: *** [CMakeFiles/Makefile2:160: CMakeFiles/ament_cmake_python_symlink_warehouse_ros_mongo.dir/all] Error 2
[5.478s] gmake[1]: *** Waiting for unfinished jobs....
[5.487s] [ 20%] Built target gtest_main
[5.488s] [ 40%] Built target gtest
[5.596s] [ 50%] [32mBuilding CXX object CMakeFiles/warehouse_ros_mongo.dir/src/query_results.cpp.o[0m
[5.602s] [ 60%] [32mBuilding CXX object CMakeFiles/warehouse_ros_mongo.dir/src/message_collection.cpp.o[0m
[5.606s] [ 70%] [32mBuilding CXX object CMakeFiles/warehouse_ros_mongo.dir/src/database_connection.cpp.o[0m
[16.387s] [ 80%] [32m[1mLinking CXX shared library libwarehouse_ros_mongo.so[0m
[16.672s] [ 80%] Built target warehouse_ros_mongo
[16.673s] gmake: *** [Makefile:146: all] Error 2
