[ 33%] Built target arm_gripper_loop_controller
[ 50%] [32mBuilding CXX object CMakeFiles/test_pick_and_place.dir/src/test_pick_and_place.cpp.o[0m
[ 83%] Built target test_send_joint_space_goal
[100%] [32m[1mLinking CXX executable test_pick_and_place[0m
/usr/bin/ld: /usr/lib/gcc/x86_64-linux-gnu/13/../../../x86_64-linux-gnu/Scrt1.o: in function `_start':
(.text+0x1b): undefined reference to `main'
collect2: error: ld returned 1 exit status
gmake[2]: *** [CMakeFiles/test_pick_and_place.dir/build.make:367: test_pick_and_place] Error 1
gmake[1]: *** [CMakeFiles/Makefile2:167: CMakeFiles/test_pick_and_place.dir/all] Error 2
gmake: *** [Makefile:146: all] Error 2
