[0.021s] Invoking command in '/home/darsh/UR3_ROS2_PICK_AND_PLACE/build/ur_system_tests': CMAKE_PREFIX_PATH=${CMAKE_PREFIX_PATH}:/opt/ros/jazzy /usr/bin/cmake --build /home/darsh/UR3_ROS2_PICK_AND_PLACE/build/ur_system_tests -- -j4 -l4
[0.167s] [ 33%] Built target arm_gripper_loop_controller
[0.167s] [ 50%] [32mBuilding CXX object CMakeFiles/test_pick_and_place.dir/src/test_pick_and_place.cpp.o[0m
[0.178s] [ 83%] Built target test_send_joint_space_goal
[0.189s] [100%] [32m[1mLinking CXX executable test_pick_and_place[0m
[23.387s] /usr/bin/ld: /usr/lib/gcc/x86_64-linux-gnu/13/../../../x86_64-linux-gnu/Scrt1.o: in function `_start':
[23.387s] (.text+0x1b): undefined reference to `main'
[23.391s] collect2: error: ld returned 1 exit status
[23.392s] gmake[2]: *** [CMakeFiles/test_pick_and_place.dir/build.make:367: test_pick_and_place] Error 1
[23.393s] gmake[1]: *** [CMakeFiles/Makefile2:167: CMakeFiles/test_pick_and_place.dir/all] Error 2
[23.393s] gmake: *** [Makefile:146: all] Error 2
[23.394s] Invoked command in '/home/darsh/UR3_ROS2_PICK_AND_PLACE/build/ur_system_tests' returned '2': CMAKE_PREFIX_PATH=${CMAKE_PREFIX_PATH}:/opt/ros/jazzy /usr/bin/cmake --build /home/darsh/UR3_ROS2_PICK_AND_PLACE/build/ur_system_tests -- -j4 -l4
